{"timestamp": "2025-08-11T17:22:08.190836Z", "level": "INFO", "logger": "gst_api", "message": "GST Verification API initialized in unknown mode", "module": "app", "function": "create_app", "line": 124, "process_id": 44349, "thread_id": 140704568208320, "extra": {"taskName": null}}
{"timestamp": "2025-08-11T17:23:54.979328Z", "level": "INFO", "logger": "gst_api", "message": "GST Verification API initialized in unknown mode", "module": "app", "function": "create_app", "line": 124, "process_id": 46146, "thread_id": 140704568208320, "extra": {"taskName": null}}
{"timestamp": "2025-08-11T17:23:54.980197Z", "level": "INFO", "logger": "gst_api", "message": "Session cleanup thread started", "module": "app", "function": "cleanup_expired_sessions", "line": 969, "process_id": 46146, "thread_id": 140704568208320, "extra": {"taskName": null}}
{"timestamp": "2025-08-11T17:23:54.980348Z", "level": "INFO", "logger": "gst_api", "message": "GST Verification API initialized successfully", "module": "app", "function": "create_app_instance", "line": 1018, "process_id": 46146, "thread_id": 140704568208320, "extra": {"taskName": null}}
{"timestamp": "2025-08-11T17:23:54.980457Z", "level": "INFO", "logger": "gst_api", "message": "Starting GST Verification API on port 5000 (debug=False)", "module": "app", "function": "<module>", "line": 1036, "process_id": 46146, "thread_id": 140704568208320, "extra": {"taskName": null}}
{"timestamp": "2025-08-11T17:24:04.469905Z", "level": "INFO", "logger": "gst_api", "message": "GST Verification API initialized in unknown mode", "module": "app", "function": "create_app", "line": 124, "process_id": 47033, "thread_id": 140704568208320, "extra": {"taskName": null}}
{"timestamp": "2025-08-11T17:24:04.470644Z", "level": "INFO", "logger": "gst_api", "message": "Session cleanup thread started", "module": "app", "function": "cleanup_expired_sessions", "line": 969, "process_id": 47033, "thread_id": 140704568208320, "extra": {"taskName": null}}
{"timestamp": "2025-08-11T17:24:04.470852Z", "level": "INFO", "logger": "gst_api", "message": "GST Verification API initialized successfully", "module": "app", "function": "create_app_instance", "line": 1018, "process_id": 47033, "thread_id": 140704568208320, "extra": {"taskName": null}}
{"timestamp": "2025-08-11T17:24:04.470966Z", "level": "INFO", "logger": "gst_api", "message": "Starting GST Verification API on port 5000 (debug=False)", "module": "app", "function": "<module>", "line": 1036, "process_id": 47033, "thread_id": 140704568208320, "extra": {"taskName": null}}
{"timestamp": "2025-08-11T17:25:36.322086Z", "level": "INFO", "logger": "gst_api", "message": "GST Verification API initialized in unknown mode", "module": "app", "function": "create_app", "line": 124, "process_id": 48709, "thread_id": 140704568208320, "extra": {"taskName": null}}
{"timestamp": "2025-08-11T17:25:36.322900Z", "level": "INFO", "logger": "gst_api", "message": "Session cleanup thread started", "module": "app", "function": "cleanup_expired_sessions", "line": 969, "process_id": 48709, "thread_id": 140704568208320, "extra": {"taskName": null}}
{"timestamp": "2025-08-11T17:25:36.323034Z", "level": "INFO", "logger": "gst_api", "message": "GST Verification API initialized successfully", "module": "app", "function": "create_app_instance", "line": 1018, "process_id": 48709, "thread_id": 140704568208320, "extra": {"taskName": null}}
{"timestamp": "2025-08-11T17:25:43.887933Z", "level": "DEBUG", "logger": "gst_api.requests", "message": "Request started: GET /api/v1/health", "module": "logging_config", "function": "before_request", "line": 530, "process_id": 48709, "thread_id": 123145459494912, "extra": {"taskName": null, "method": "GET", "path": "/api/v1/health", "remote_addr": "127.0.0.1", "user_agent": "Mozilla/5.0 (Macintosh; Intel Mac OS X 10_15_7) AppleWebKit/537.36 (KHTML, like Gecko) Chrome/138.0.0.0 Safari/537.36", "request_id": null}}
{"timestamp": "2025-08-11T17:25:43.889242Z", "level": "INFO", "logger": "gst_api", "message": "Request started: GET /api/v1/health", "module": "app", "function": "before_request", "line": 138, "process_id": 48709, "thread_id": 123145459494912, "extra": {"taskName": null, "request_id": "6ef44a05-2630-437d-8276-7bd65dfd83c0", "method": "GET", "path": "/api/v1/health", "remote_addr": "127.0.0.1", "user_agent": "Mozilla/5.0 (Macintosh; Intel Mac OS X 10_15_7) AppleWebKit/537.36 (KHTML, like Gecko) Chrome/138.0.0.0 Safari/537.36"}}
{"timestamp": "2025-08-11T17:25:43.890983Z", "level": "WARNING", "logger": "gst_api", "message": "Not found: /api/v1/health", "module": "app", "function": "not_found", "line": 210, "process_id": 48709, "thread_id": 123145459494912, "extra": {"taskName": null, "request_id": "6ef44a05-2630-437d-8276-7bd65dfd83c0"}}
{"timestamp": "2025-08-11T17:25:43.892077Z", "level": "INFO", "logger": "gst_api", "message": "Request completed: GET /api/v1/health - 404 - 0.003s", "module": "app", "function": "after_request", "line": 160, "process_id": 48709, "thread_id": 123145459494912, "extra": {"taskName": null, "request_id": "6ef44a05-2630-437d-8276-7bd65dfd83c0", "method": "GET", "path": "/api/v1/health", "status_code": 404, "duration": 0.0025451183319091797, "response_size": 164}}
{"timestamp": "2025-08-11T17:25:43.892541Z", "level": "INFO", "logger": "gst_api.performance", "message": "Performance: GET /api/v1/health took 0.003s", "module": "logging_config", "function": "log_performance", "line": 445, "process_id": 48709, "thread_id": 123145459494912, "extra": {"taskName": null, "operation": "GET /api/v1/health", "duration": 0.0025451183319091797, "performance_metric": true, "status_code": 404, "request_id": "6ef44a05-2630-437d-8276-7bd65dfd83c0"}}
{"timestamp": "2025-08-11T17:25:43.893167Z", "level": "ERROR", "logger": "app", "message": "Exception on /api/v1/health [GET]", "module": "app", "function": "log_exception", "line": 1414, "process_id": 48709, "thread_id": 123145459494912, "exception": "Traceback (most recent call last):\n  File \"/Users/user/Documents/Development/open-source-tools/GST-Verification-API/venv/lib/python3.13/site-packages/flask/app.py\", line 2190, in wsgi_app\n    response = self.full_dispatch_request()\n  File \"/Users/user/Documents/Development/open-source-tools/GST-Verification-API/venv/lib/python3.13/site-packages/flask/app.py\", line 1487, in full_dispatch_request\n    return self.finalize_request(rv)\n           ~~~~~~~~~~~~~~~~~~~~~^^^^\n  File \"/Users/user/Documents/Development/open-source-tools/GST-Verification-API/venv/lib/python3.13/site-packages/flask/app.py\", line 1508, in finalize_request\n    response = self.process_response(response)\n  File \"/Users/user/Documents/Development/open-source-tools/GST-Verification-API/venv/lib/python3.13/site-packages/flask/app.py\", line 2002, in process_response\n    response = self.ensure_sync(func)(response)\n  File \"/Users/user/Documents/Development/open-source-tools/GST-Verification-API/logging_config.py\", line 546, in after_request\n    duration = (datetime.utcnow() - g.start_time).total_seconds()\n                ~~~~~~~~~~~~~~~~~~^~~~~~~~~~~~~~\nTypeError: unsupported operand type(s) for -: 'datetime.datetime' and 'float'", "extra": {"taskName": null}}
{"timestamp": "2025-08-11T17:25:43.909929Z", "level": "ERROR", "logger": "gst_api", "message": "Internal server error: 500 Internal Server Error: The server encountered an internal error and was unable to complete your request. Either the server is overloaded or there is an error in the application.", "module": "app", "function": "internal_error", "line": 254, "process_id": 48709, "thread_id": 123145459494912, "exception": "Traceback (most recent call last):\n  File \"/Users/user/Documents/Development/open-source-tools/GST-Verification-API/venv/lib/python3.13/site-packages/flask/app.py\", line 2190, in wsgi_app\n    response = self.full_dispatch_request()\n  File \"/Users/user/Documents/Development/open-source-tools/GST-Verification-API/venv/lib/python3.13/site-packages/flask/app.py\", line 1487, in full_dispatch_request\n    return self.finalize_request(rv)\n           ~~~~~~~~~~~~~~~~~~~~~^^^^\n  File \"/Users/user/Documents/Development/open-source-tools/GST-Verification-API/venv/lib/python3.13/site-packages/flask/app.py\", line 1508, in finalize_request\n    response = self.process_response(response)\n  File \"/Users/user/Documents/Development/open-source-tools/GST-Verification-API/venv/lib/python3.13/site-packages/flask/app.py\", line 2002, in process_response\n    response = self.ensure_sync(func)(response)\n  File \"/Users/user/Documents/Development/open-source-tools/GST-Verification-API/logging_config.py\", line 546, in after_request\n    duration = (datetime.utcnow() - g.start_time).total_seconds()\n                ~~~~~~~~~~~~~~~~~~^~~~~~~~~~~~~~\nTypeError: unsupported operand type(s) for -: 'datetime.datetime' and 'float'", "extra": {"taskName": null, "request_id": "6ef44a05-2630-437d-8276-7bd65dfd83c0"}}
{"timestamp": "2025-08-11T17:25:43.915019Z", "level": "INFO", "logger": "gst_api", "message": "Request completed: GET /api/v1/health - 500 - 0.026s", "module": "app", "function": "after_request", "line": 160, "process_id": 48709, "thread_id": 123145459494912, "extra": {"taskName": null, "request_id": "6ef44a05-2630-437d-8276-7bd65dfd83c0", "method": "GET", "path": "/api/v1/health", "status_code": 500, "duration": 0.025833845138549805, "response_size": 198}}
{"timestamp": "2025-08-11T17:25:43.915211Z", "level": "INFO", "logger": "gst_api.performance", "message": "Performance: GET /api/v1/health took 0.026s", "module": "logging_config", "function": "log_performance", "line": 445, "process_id": 48709, "thread_id": 123145459494912, "extra": {"taskName": null, "operation": "GET /api/v1/health", "duration": 0.025833845138549805, "performance_metric": true, "status_code": 500, "request_id": "6ef44a05-2630-437d-8276-7bd65dfd83c0"}}
{"timestamp": "2025-08-11T17:25:43.915725Z", "level": "ERROR", "logger": "app", "message": "Request finalizing failed with an error while handling an error", "module": "app", "function": "finalize_request", "line": 1515, "process_id": 48709, "thread_id": 123145459494912, "exception": "Traceback (most recent call last):\n  File \"/Users/user/Documents/Development/open-source-tools/GST-Verification-API/venv/lib/python3.13/site-packages/flask/app.py\", line 2190, in wsgi_app\n    response = self.full_dispatch_request()\n  File \"/Users/user/Documents/Development/open-source-tools/GST-Verification-API/venv/lib/python3.13/site-packages/flask/app.py\", line 1487, in full_dispatch_request\n    return self.finalize_request(rv)\n           ~~~~~~~~~~~~~~~~~~~~~^^^^\n  File \"/Users/user/Documents/Development/open-source-tools/GST-Verification-API/venv/lib/python3.13/site-packages/flask/app.py\", line 1508, in finalize_request\n    response = self.process_response(response)\n  File \"/Users/user/Documents/Development/open-source-tools/GST-Verification-API/venv/lib/python3.13/site-packages/flask/app.py\", line 2002, in process_response\n    response = self.ensure_sync(func)(response)\n  File \"/Users/user/Documents/Development/open-source-tools/GST-Verification-API/logging_config.py\", line 546, in after_request\n    duration = (datetime.utcnow() - g.start_time).total_seconds()\n                ~~~~~~~~~~~~~~~~~~^~~~~~~~~~~~~~\nTypeError: unsupported operand type(s) for -: 'datetime.datetime' and 'float'\n\nDuring handling of the above exception, another exception occurred:\n\nTraceback (most recent call last):\n  File \"/Users/user/Documents/Development/open-source-tools/GST-Verification-API/venv/lib/python3.13/site-packages/flask/app.py\", line 1508, in finalize_request\n    response = self.process_response(response)\n  File \"/Users/user/Documents/Development/open-source-tools/GST-Verification-API/venv/lib/python3.13/site-packages/flask/app.py\", line 2002, in process_response\n    response = self.ensure_sync(func)(response)\n  File \"/Users/user/Documents/Development/open-source-tools/GST-Verification-API/logging_config.py\", line 546, in after_request\n    duration = (datetime.utcnow() - g.start_time).total_seconds()\n                ~~~~~~~~~~~~~~~~~~^~~~~~~~~~~~~~\nTypeError: unsupported operand type(s) for -: 'datetime.datetime' and 'float'", "extra": {"taskName": null}}
{"timestamp": "2025-08-11T17:25:43.956778Z", "level": "ERROR", "logger": "werkzeug", "message": "Error on request:\nTraceback (most recent call last):\n  File \"/Users/user/Documents/Development/open-source-tools/GST-Verification-API/venv/lib/python3.13/site-packages/werkzeug/serving.py\", line 364, in run_wsgi\n    execute(self.server.app)\n    ~~~~~~~^^^^^^^^^^^^^^^^^\n  File \"/Users/user/Documents/Development/open-source-tools/GST-Verification-API/venv/lib/python3.13/site-packages/werkzeug/serving.py\", line 325, in execute\n    application_iter = app(environ, start_response)\n  File \"/Users/user/Documents/Development/open-source-tools/GST-Verification-API/venv/lib/python3.13/site-packages/flask/app.py\", line 2213, in __call__\n    return self.wsgi_app(environ, start_response)\n           ~~~~~~~~~~~~~^^^^^^^^^^^^^^^^^^^^^^^^^\n  File \"/Users/user/Documents/Development/open-source-tools/GST-Verification-API/venv/lib/python3.13/site-packages/flask/app.py\", line 2206, in wsgi_app\n    ctx.pop(error)\n    ~~~~~~~^^^^^^^\n  File \"/Users/user/Documents/Development/open-source-tools/GST-Verification-API/venv/lib/python3.13/site-packages/flask/ctx.py\", line 401, in pop\n    self.app.do_teardown_request(exc)\n    ~~~~~~~~~~~~~~~~~~~~~~~~~~~~^^^^^\n  File \"/Users/user/Documents/Development/open-source-tools/GST-Verification-API/venv/lib/python3.13/site-packages/flask/app.py\", line 2038, in do_teardown_request\n    self.ensure_sync(func)(exc)\n    ~~~~~~~~~~~~~~~~~~~~~~^^^^^\n  File \"/Users/user/Documents/Development/open-source-tools/GST-Verification-API/logging_config.py\", line 567, in teardown_request\n    'request_path': getattr(request, 'path', 'unknown'),\n                            ^^^^^^^\nNameError: name 'request' is not defined", "module": "_internal", "function": "_log", "line": 187, "process_id": 48709, "thread_id": 123145459494912, "extra": {"taskName": null}}
{"timestamp": "2025-08-11T17:25:51.592662Z", "level": "DEBUG", "logger": "gst_api.requests", "message": "Request started: GET /health", "module": "logging_config", "function": "before_request", "line": 530, "process_id": 48709, "thread_id": 123145476284416, "extra": {"taskName": null, "method": "GET", "path": "/health", "remote_addr": "127.0.0.1", "user_agent": "Mozilla/5.0 (Macintosh; Intel Mac OS X 10_15_7) AppleWebKit/537.36 (KHTML, like Gecko) Chrome/138.0.0.0 Safari/537.36", "request_id": null}}
{"timestamp": "2025-08-11T17:25:51.593984Z", "level": "INFO", "logger": "gst_api", "message": "Request started: GET /health", "module": "app", "function": "before_request", "line": 138, "process_id": 48709, "thread_id": 123145476284416, "extra": {"taskName": null, "request_id": "33ec1743-a310-4976-ab3c-604473875e2e", "method": "GET", "path": "/health", "remote_addr": "127.0.0.1", "user_agent": "Mozilla/5.0 (Macintosh; Intel Mac OS X 10_15_7) AppleWebKit/537.36 (KHTML, like Gecko) Chrome/138.0.0.0 Safari/537.36"}}
{"timestamp": "2025-08-11T17:25:51.594293Z", "level": "ERROR", "logger": "gst_api", "message": "Health check failed: 'HealthChecker' object has no attribute 'check_health'", "module": "app", "function": "health_check", "line": 541, "process_id": 48709, "thread_id": 123145476284416, "extra": {"taskName": null}}
{"timestamp": "2025-08-11T17:25:51.594940Z", "level": "INFO", "logger": "gst_api", "message": "Request completed: GET /health - 503 - 0.001s", "module": "app", "function": "after_request", "line": 160, "process_id": 48709, "thread_id": 123145476284416, "extra": {"taskName": null, "request_id": "33ec1743-a310-4976-ab3c-604473875e2e", "method": "GET", "path": "/health", "status_code": 503, "duration": 0.0009520053863525391, "response_size": 129}}
{"timestamp": "2025-08-11T17:25:51.595171Z", "level": "INFO", "logger": "gst_api.performance", "message": "Performance: GET /health took 0.001s", "module": "logging_config", "function": "log_performance", "line": 445, "process_id": 48709, "thread_id": 123145476284416, "extra": {"taskName": null, "operation": "GET /health", "duration": 0.0009520053863525391, "performance_metric": true, "status_code": 503, "request_id": "33ec1743-a310-4976-ab3c-604473875e2e"}}
{"timestamp": "2025-08-11T17:25:51.595913Z", "level": "ERROR", "logger": "app", "message": "Exception on /health [GET]", "module": "app", "function": "log_exception", "line": 1414, "process_id": 48709, "thread_id": 123145476284416, "exception": "Traceback (most recent call last):\n  File \"/Users/user/Documents/Development/open-source-tools/GST-Verification-API/venv/lib/python3.13/site-packages/flask/app.py\", line 2190, in wsgi_app\n    response = self.full_dispatch_request()\n  File \"/Users/user/Documents/Development/open-source-tools/GST-Verification-API/venv/lib/python3.13/site-packages/flask/app.py\", line 1487, in full_dispatch_request\n    return self.finalize_request(rv)\n           ~~~~~~~~~~~~~~~~~~~~~^^^^\n  File \"/Users/user/Documents/Development/open-source-tools/GST-Verification-API/venv/lib/python3.13/site-packages/flask/app.py\", line 1508, in finalize_request\n    response = self.process_response(response)\n  File \"/Users/user/Documents/Development/open-source-tools/GST-Verification-API/venv/lib/python3.13/site-packages/flask/app.py\", line 2002, in process_response\n    response = self.ensure_sync(func)(response)\n  File \"/Users/user/Documents/Development/open-source-tools/GST-Verification-API/logging_config.py\", line 546, in after_request\n    duration = (datetime.utcnow() - g.start_time).total_seconds()\n                ~~~~~~~~~~~~~~~~~~^~~~~~~~~~~~~~\nTypeError: unsupported operand type(s) for -: 'datetime.datetime' and 'float'", "extra": {"taskName": null}}
{"timestamp": "2025-08-11T17:25:51.600167Z", "level": "ERROR", "logger": "gst_api", "message": "Internal server error: 500 Internal Server Error: The server encountered an internal error and was unable to complete your request. Either the server is overloaded or there is an error in the application.", "module": "app", "function": "internal_error", "line": 254, "process_id": 48709, "thread_id": 123145476284416, "exception": "Traceback (most recent call last):\n  File \"/Users/user/Documents/Development/open-source-tools/GST-Verification-API/venv/lib/python3.13/site-packages/flask/app.py\", line 2190, in wsgi_app\n    response = self.full_dispatch_request()\n  File \"/Users/user/Documents/Development/open-source-tools/GST-Verification-API/venv/lib/python3.13/site-packages/flask/app.py\", line 1487, in full_dispatch_request\n    return self.finalize_request(rv)\n           ~~~~~~~~~~~~~~~~~~~~~^^^^\n  File \"/Users/user/Documents/Development/open-source-tools/GST-Verification-API/venv/lib/python3.13/site-packages/flask/app.py\", line 1508, in finalize_request\n    response = self.process_response(response)\n  File \"/Users/user/Documents/Development/open-source-tools/GST-Verification-API/venv/lib/python3.13/site-packages/flask/app.py\", line 2002, in process_response\n    response = self.ensure_sync(func)(response)\n  File \"/Users/user/Documents/Development/open-source-tools/GST-Verification-API/logging_config.py\", line 546, in after_request\n    duration = (datetime.utcnow() - g.start_time).total_seconds()\n                ~~~~~~~~~~~~~~~~~~^~~~~~~~~~~~~~\nTypeError: unsupported operand type(s) for -: 'datetime.datetime' and 'float'", "extra": {"taskName": null, "request_id": "33ec1743-a310-4976-ab3c-604473875e2e"}}
{"timestamp": "2025-08-11T17:25:51.603350Z", "level": "INFO", "logger": "gst_api", "message": "Request completed: GET /health - 500 - 0.009s", "module": "app", "function": "after_request", "line": 160, "process_id": 48709, "thread_id": 123145476284416, "extra": {"taskName": null, "request_id": "33ec1743-a310-4976-ab3c-604473875e2e", "method": "GET", "path": "/health", "status_code": 500, "duration": 0.009360790252685547, "response_size": 198}}
{"timestamp": "2025-08-11T17:25:51.603593Z", "level": "INFO", "logger": "gst_api.performance", "message": "Performance: GET /health took 0.009s", "module": "logging_config", "function": "log_performance", "line": 445, "process_id": 48709, "thread_id": 123145476284416, "extra": {"taskName": null, "operation": "GET /health", "duration": 0.009360790252685547, "performance_metric": true, "status_code": 500, "request_id": "33ec1743-a310-4976-ab3c-604473875e2e"}}
{"timestamp": "2025-08-11T17:25:51.604035Z", "level": "ERROR", "logger": "app", "message": "Request finalizing failed with an error while handling an error", "module": "app", "function": "finalize_request", "line": 1515, "process_id": 48709, "thread_id": 123145476284416, "exception": "Traceback (most recent call last):\n  File \"/Users/user/Documents/Development/open-source-tools/GST-Verification-API/venv/lib/python3.13/site-packages/flask/app.py\", line 2190, in wsgi_app\n    response = self.full_dispatch_request()\n  File \"/Users/user/Documents/Development/open-source-tools/GST-Verification-API/venv/lib/python3.13/site-packages/flask/app.py\", line 1487, in full_dispatch_request\n    return self.finalize_request(rv)\n           ~~~~~~~~~~~~~~~~~~~~~^^^^\n  File \"/Users/user/Documents/Development/open-source-tools/GST-Verification-API/venv/lib/python3.13/site-packages/flask/app.py\", line 1508, in finalize_request\n    response = self.process_response(response)\n  File \"/Users/user/Documents/Development/open-source-tools/GST-Verification-API/venv/lib/python3.13/site-packages/flask/app.py\", line 2002, in process_response\n    response = self.ensure_sync(func)(response)\n  File \"/Users/user/Documents/Development/open-source-tools/GST-Verification-API/logging_config.py\", line 546, in after_request\n    duration = (datetime.utcnow() - g.start_time).total_seconds()\n                ~~~~~~~~~~~~~~~~~~^~~~~~~~~~~~~~\nTypeError: unsupported operand type(s) for -: 'datetime.datetime' and 'float'\n\nDuring handling of the above exception, another exception occurred:\n\nTraceback (most recent call last):\n  File \"/Users/user/Documents/Development/open-source-tools/GST-Verification-API/venv/lib/python3.13/site-packages/flask/app.py\", line 1508, in finalize_request\n    response = self.process_response(response)\n  File \"/Users/user/Documents/Development/open-source-tools/GST-Verification-API/venv/lib/python3.13/site-packages/flask/app.py\", line 2002, in process_response\n    response = self.ensure_sync(func)(response)\n  File \"/Users/user/Documents/Development/open-source-tools/GST-Verification-API/logging_config.py\", line 546, in after_request\n    duration = (datetime.utcnow() - g.start_time).total_seconds()\n                ~~~~~~~~~~~~~~~~~~^~~~~~~~~~~~~~\nTypeError: unsupported operand type(s) for -: 'datetime.datetime' and 'float'", "extra": {"taskName": null}}
{"timestamp": "2025-08-11T17:25:51.612763Z", "level": "ERROR", "logger": "werkzeug", "message": "Error on request:\nTraceback (most recent call last):\n  File \"/Users/user/Documents/Development/open-source-tools/GST-Verification-API/venv/lib/python3.13/site-packages/werkzeug/serving.py\", line 364, in run_wsgi\n    execute(self.server.app)\n    ~~~~~~~^^^^^^^^^^^^^^^^^\n  File \"/Users/user/Documents/Development/open-source-tools/GST-Verification-API/venv/lib/python3.13/site-packages/werkzeug/serving.py\", line 325, in execute\n    application_iter = app(environ, start_response)\n  File \"/Users/user/Documents/Development/open-source-tools/GST-Verification-API/venv/lib/python3.13/site-packages/flask/app.py\", line 2213, in __call__\n    return self.wsgi_app(environ, start_response)\n           ~~~~~~~~~~~~~^^^^^^^^^^^^^^^^^^^^^^^^^\n  File \"/Users/user/Documents/Development/open-source-tools/GST-Verification-API/venv/lib/python3.13/site-packages/flask/app.py\", line 2206, in wsgi_app\n    ctx.pop(error)\n    ~~~~~~~^^^^^^^\n  File \"/Users/user/Documents/Development/open-source-tools/GST-Verification-API/venv/lib/python3.13/site-packages/flask/ctx.py\", line 401, in pop\n    self.app.do_teardown_request(exc)\n    ~~~~~~~~~~~~~~~~~~~~~~~~~~~~^^^^^\n  File \"/Users/user/Documents/Development/open-source-tools/GST-Verification-API/venv/lib/python3.13/site-packages/flask/app.py\", line 2038, in do_teardown_request\n    self.ensure_sync(func)(exc)\n    ~~~~~~~~~~~~~~~~~~~~~~^^^^^\n  File \"/Users/user/Documents/Development/open-source-tools/GST-Verification-API/logging_config.py\", line 567, in teardown_request\n    'request_path': getattr(request, 'path', 'unknown'),\n                            ^^^^^^^\nNameError: name 'request' is not defined", "module": "_internal", "function": "_log", "line": 187, "process_id": 48709, "thread_id": 123145476284416, "extra": {"taskName": null}}
{"timestamp": "2025-08-11T17:26:21.760104Z", "level": "INFO", "logger": "gst_api", "message": "Received signal 15, shutting down gracefully...", "module": "app", "function": "signal_handler", "line": 978, "process_id": 48709, "thread_id": 140704568208320, "extra": {"taskName": null}}
{"timestamp": "2025-08-11T17:26:21.762910Z", "level": "INFO", "logger": "gst_api", "message": "Graceful shutdown completed", "module": "app", "function": "signal_handler", "line": 998, "process_id": 48709, "thread_id": 140704568208320, "extra": {"taskName": null}}
{"timestamp": "2025-08-11T17:26:31.418224Z", "level": "INFO", "logger": "gst_api", "message": "GST Verification API initialized in unknown mode", "module": "app", "function": "create_app", "line": 124, "process_id": 50105, "thread_id": 140704568208320, "extra": {"taskName": null}}
{"timestamp": "2025-08-11T17:26:31.418844Z", "level": "INFO", "logger": "gst_api", "message": "Session cleanup thread started", "module": "app", "function": "cleanup_expired_sessions", "line": 969, "process_id": 50105, "thread_id": 140704568208320, "extra": {"taskName": null}}
{"timestamp": "2025-08-11T17:26:31.418980Z", "level": "INFO", "logger": "gst_api", "message": "GST Verification API initialized successfully", "module": "app", "function": "create_app_instance", "line": 1018, "process_id": 50105, "thread_id": 140704568208320, "extra": {"taskName": null}}
{"timestamp": "2025-08-11T17:26:35.298138Z", "level": "DEBUG", "logger": "gst_api.requests", "message": "Request started: GET /health", "module": "logging_config", "function": "before_request", "line": 530, "process_id": 50105, "thread_id": 123145602699264, "extra": {"taskName": null, "method": "GET", "path": "/health", "remote_addr": "127.0.0.1", "user_agent": "Mozilla/5.0 (Macintosh; Intel Mac OS X 10_15_7) AppleWebKit/537.36 (KHTML, like Gecko) Chrome/138.0.0.0 Safari/537.36", "request_id": null}}
{"timestamp": "2025-08-11T17:26:35.299035Z", "level": "INFO", "logger": "gst_api", "message": "Request started: GET /health", "module": "app", "function": "before_request", "line": 138, "process_id": 50105, "thread_id": 123145602699264, "extra": {"taskName": null, "request_id": "38654aa4-379f-40c4-8488-77b1c00fe76f", "method": "GET", "path": "/health", "remote_addr": "127.0.0.1", "user_agent": "Mozilla/5.0 (Macintosh; Intel Mac OS X 10_15_7) AppleWebKit/537.36 (KHTML, like Gecko) Chrome/138.0.0.0 Safari/537.36"}}
{"timestamp": "2025-08-11T17:26:35.299277Z", "level": "ERROR", "logger": "gst_api", "message": "Health check failed: 'HealthChecker' object has no attribute 'check_health'", "module": "app", "function": "health_check", "line": 541, "process_id": 50105, "thread_id": 123145602699264, "extra": {"taskName": null}}
{"timestamp": "2025-08-11T17:26:35.299781Z", "level": "INFO", "logger": "gst_api", "message": "Request completed: GET /health - 503 - 0.001s", "module": "app", "function": "after_request", "line": 160, "process_id": 50105, "thread_id": 123145602699264, "extra": {"taskName": null, "request_id": "38654aa4-379f-40c4-8488-77b1c00fe76f", "method": "GET", "path": "/health", "status_code": 503, "duration": 0.0007491111755371094, "response_size": 129}}
{"timestamp": "2025-08-11T17:26:35.300026Z", "level": "INFO", "logger": "gst_api.performance", "message": "Performance: GET /health took 0.001s", "module": "logging_config", "function": "log_performance", "line": 445, "process_id": 50105, "thread_id": 123145602699264, "extra": {"taskName": null, "operation": "GET /health", "duration": 0.0007491111755371094, "performance_metric": true, "status_code": 503, "request_id": "38654aa4-379f-40c4-8488-77b1c00fe76f"}}
{"timestamp": "2025-08-11T17:26:35.300576Z", "level": "ERROR", "logger": "app", "message": "Exception on /health [GET]", "module": "app", "function": "log_exception", "line": 1414, "process_id": 50105, "thread_id": 123145602699264, "exception": "Traceback (most recent call last):\n  File \"/Users/user/Documents/Development/open-source-tools/GST-Verification-API/venv/lib/python3.13/site-packages/flask/app.py\", line 2190, in wsgi_app\n    response = self.full_dispatch_request()\n  File \"/Users/user/Documents/Development/open-source-tools/GST-Verification-API/venv/lib/python3.13/site-packages/flask/app.py\", line 1487, in full_dispatch_request\n    return self.finalize_request(rv)\n           ~~~~~~~~~~~~~~~~~~~~~^^^^\n  File \"/Users/user/Documents/Development/open-source-tools/GST-Verification-API/venv/lib/python3.13/site-packages/flask/app.py\", line 1508, in finalize_request\n    response = self.process_response(response)\n  File \"/Users/user/Documents/Development/open-source-tools/GST-Verification-API/venv/lib/python3.13/site-packages/flask/app.py\", line 2002, in process_response\n    response = self.ensure_sync(func)(response)\n  File \"/Users/user/Documents/Development/open-source-tools/GST-Verification-API/logging_config.py\", line 546, in after_request\n    duration = (datetime.utcnow() - g.start_time).total_seconds()\n                ~~~~~~~~~~~~~~~~~~^~~~~~~~~~~~~~\nTypeError: unsupported operand type(s) for -: 'datetime.datetime' and 'float'", "extra": {"taskName": null}}
{"timestamp": "2025-08-11T17:26:35.310970Z", "level": "ERROR", "logger": "gst_api", "message": "Internal server error: 500 Internal Server Error: The server encountered an internal error and was unable to complete your request. Either the server is overloaded or there is an error in the application.", "module": "app", "function": "internal_error", "line": 254, "process_id": 50105, "thread_id": 123145602699264, "exception": "Traceback (most recent call last):\n  File \"/Users/user/Documents/Development/open-source-tools/GST-Verification-API/venv/lib/python3.13/site-packages/flask/app.py\", line 2190, in wsgi_app\n    response = self.full_dispatch_request()\n  File \"/Users/user/Documents/Development/open-source-tools/GST-Verification-API/venv/lib/python3.13/site-packages/flask/app.py\", line 1487, in full_dispatch_request\n    return self.finalize_request(rv)\n           ~~~~~~~~~~~~~~~~~~~~~^^^^\n  File \"/Users/user/Documents/Development/open-source-tools/GST-Verification-API/venv/lib/python3.13/site-packages/flask/app.py\", line 1508, in finalize_request\n    response = self.process_response(response)\n  File \"/Users/user/Documents/Development/open-source-tools/GST-Verification-API/venv/lib/python3.13/site-packages/flask/app.py\", line 2002, in process_response\n    response = self.ensure_sync(func)(response)\n  File \"/Users/user/Documents/Development/open-source-tools/GST-Verification-API/logging_config.py\", line 546, in after_request\n    duration = (datetime.utcnow() - g.start_time).total_seconds()\n                ~~~~~~~~~~~~~~~~~~^~~~~~~~~~~~~~\nTypeError: unsupported operand type(s) for -: 'datetime.datetime' and 'float'", "extra": {"taskName": null, "request_id": "38654aa4-379f-40c4-8488-77b1c00fe76f"}}
{"timestamp": "2025-08-11T17:26:35.317349Z", "level": "INFO", "logger": "gst_api", "message": "Request completed: GET /health - 500 - 0.018s", "module": "app", "function": "after_request", "line": 160, "process_id": 50105, "thread_id": 123145602699264, "extra": {"taskName": null, "request_id": "38654aa4-379f-40c4-8488-77b1c00fe76f", "method": "GET", "path": "/health", "status_code": 500, "duration": 0.018319129943847656, "response_size": 198}}
{"timestamp": "2025-08-11T17:26:35.317598Z", "level": "INFO", "logger": "gst_api.performance", "message": "Performance: GET /health took 0.018s", "module": "logging_config", "function": "log_performance", "line": 445, "process_id": 50105, "thread_id": 123145602699264, "extra": {"taskName": null, "operation": "GET /health", "duration": 0.018319129943847656, "performance_metric": true, "status_code": 500, "request_id": "38654aa4-379f-40c4-8488-77b1c00fe76f"}}
{"timestamp": "2025-08-11T17:26:35.318103Z", "level": "ERROR", "logger": "app", "message": "Request finalizing failed with an error while handling an error", "module": "app", "function": "finalize_request", "line": 1515, "process_id": 50105, "thread_id": 123145602699264, "exception": "Traceback (most recent call last):\n  File \"/Users/user/Documents/Development/open-source-tools/GST-Verification-API/venv/lib/python3.13/site-packages/flask/app.py\", line 2190, in wsgi_app\n    response = self.full_dispatch_request()\n  File \"/Users/user/Documents/Development/open-source-tools/GST-Verification-API/venv/lib/python3.13/site-packages/flask/app.py\", line 1487, in full_dispatch_request\n    return self.finalize_request(rv)\n           ~~~~~~~~~~~~~~~~~~~~~^^^^\n  File \"/Users/user/Documents/Development/open-source-tools/GST-Verification-API/venv/lib/python3.13/site-packages/flask/app.py\", line 1508, in finalize_request\n    response = self.process_response(response)\n  File \"/Users/user/Documents/Development/open-source-tools/GST-Verification-API/venv/lib/python3.13/site-packages/flask/app.py\", line 2002, in process_response\n    response = self.ensure_sync(func)(response)\n  File \"/Users/user/Documents/Development/open-source-tools/GST-Verification-API/logging_config.py\", line 546, in after_request\n    duration = (datetime.utcnow() - g.start_time).total_seconds()\n                ~~~~~~~~~~~~~~~~~~^~~~~~~~~~~~~~\nTypeError: unsupported operand type(s) for -: 'datetime.datetime' and 'float'\n\nDuring handling of the above exception, another exception occurred:\n\nTraceback (most recent call last):\n  File \"/Users/user/Documents/Development/open-source-tools/GST-Verification-API/venv/lib/python3.13/site-packages/flask/app.py\", line 1508, in finalize_request\n    response = self.process_response(response)\n  File \"/Users/user/Documents/Development/open-source-tools/GST-Verification-API/venv/lib/python3.13/site-packages/flask/app.py\", line 2002, in process_response\n    response = self.ensure_sync(func)(response)\n  File \"/Users/user/Documents/Development/open-source-tools/GST-Verification-API/logging_config.py\", line 546, in after_request\n    duration = (datetime.utcnow() - g.start_time).total_seconds()\n                ~~~~~~~~~~~~~~~~~~^~~~~~~~~~~~~~\nTypeError: unsupported operand type(s) for -: 'datetime.datetime' and 'float'", "extra": {"taskName": null}}
{"timestamp": "2025-08-11T17:26:35.328046Z", "level": "ERROR", "logger": "gst_api.errors", "message": "Request failed with exception: unsupported operand type(s) for -: 'datetime.datetime' and 'float'", "module": "logging_config", "function": "teardown_request", "line": 563, "process_id": 50105, "thread_id": 123145602699264, "exception": "NoneType: None", "extra": {"taskName": null, "exception_type": "TypeError", "request_path": "/health", "request_method": "GET"}}
{"timestamp": "2025-08-11T17:26:43.355869Z", "level": "DEBUG", "logger": "gst_api.requests", "message": "Request started: GET /", "module": "logging_config", "function": "before_request", "line": 530, "process_id": 50105, "thread_id": 123145619488768, "extra": {"taskName": null, "method": "GET", "path": "/", "remote_addr": "127.0.0.1", "user_agent": "Mozilla/5.0 (Macintosh; Intel Mac OS X 10_15_7) AppleWebKit/537.36 (KHTML, like Gecko) Chrome/138.0.0.0 Safari/537.36", "request_id": null}}
{"timestamp": "2025-08-11T17:26:43.357393Z", "level": "INFO", "logger": "gst_api", "message": "Request started: GET /", "module": "app", "function": "before_request", "line": 138, "process_id": 50105, "thread_id": 123145619488768, "extra": {"taskName": null, "request_id": "b61dc6e9-486c-4c36-ab2e-3822d860cf50", "method": "GET", "path": "/", "remote_addr": "127.0.0.1", "user_agent": "Mozilla/5.0 (Macintosh; Intel Mac OS X 10_15_7) AppleWebKit/537.36 (KHTML, like Gecko) Chrome/138.0.0.0 Safari/537.36"}}
{"timestamp": "2025-08-11T17:26:43.357920Z", "level": "WARNING", "logger": "gst_api", "message": "Not found: /", "module": "app", "function": "not_found", "line": 210, "process_id": 50105, "thread_id": 123145619488768, "extra": {"taskName": null, "request_id": "b61dc6e9-486c-4c36-ab2e-3822d860cf50"}}
{"timestamp": "2025-08-11T17:26:43.358392Z", "level": "INFO", "logger": "gst_api", "message": "Request completed: GET / - 404 - 0.001s", "module": "app", "function": "after_request", "line": 160, "process_id": 50105, "thread_id": 123145619488768, "extra": {"taskName": null, "request_id": "b61dc6e9-486c-4c36-ab2e-3822d860cf50", "method": "GET", "path": "/", "status_code": 404, "duration": 0.0010218620300292969, "response_size": 164}}
{"timestamp": "2025-08-11T17:26:43.358658Z", "level": "INFO", "logger": "gst_api.performance", "message": "Performance: GET / took 0.001s", "module": "logging_config", "function": "log_performance", "line": 445, "process_id": 50105, "thread_id": 123145619488768, "extra": {"taskName": null, "operation": "GET /", "duration": 0.0010218620300292969, "performance_metric": true, "status_code": 404, "request_id": "b61dc6e9-486c-4c36-ab2e-3822d860cf50"}}
{"timestamp": "2025-08-11T17:26:43.359089Z", "level": "ERROR", "logger": "app", "message": "Exception on / [GET]", "module": "app", "function": "log_exception", "line": 1414, "process_id": 50105, "thread_id": 123145619488768, "exception": "Traceback (most recent call last):\n  File \"/Users/user/Documents/Development/open-source-tools/GST-Verification-API/venv/lib/python3.13/site-packages/flask/app.py\", line 2190, in wsgi_app\n    response = self.full_dispatch_request()\n  File \"/Users/user/Documents/Development/open-source-tools/GST-Verification-API/venv/lib/python3.13/site-packages/flask/app.py\", line 1487, in full_dispatch_request\n    return self.finalize_request(rv)\n           ~~~~~~~~~~~~~~~~~~~~~^^^^\n  File \"/Users/user/Documents/Development/open-source-tools/GST-Verification-API/venv/lib/python3.13/site-packages/flask/app.py\", line 1508, in finalize_request\n    response = self.process_response(response)\n  File \"/Users/user/Documents/Development/open-source-tools/GST-Verification-API/venv/lib/python3.13/site-packages/flask/app.py\", line 2002, in process_response\n    response = self.ensure_sync(func)(response)\n  File \"/Users/user/Documents/Development/open-source-tools/GST-Verification-API/logging_config.py\", line 546, in after_request\n    duration = (datetime.utcnow() - g.start_time).total_seconds()\n                ~~~~~~~~~~~~~~~~~~^~~~~~~~~~~~~~\nTypeError: unsupported operand type(s) for -: 'datetime.datetime' and 'float'", "extra": {"taskName": null}}
{"timestamp": "2025-08-11T17:26:43.362645Z", "level": "ERROR", "logger": "gst_api", "message": "Internal server error: 500 Internal Server Error: The server encountered an internal error and was unable to complete your request. Either the server is overloaded or there is an error in the application.", "module": "app", "function": "internal_error", "line": 254, "process_id": 50105, "thread_id": 123145619488768, "exception": "Traceback (most recent call last):\n  File \"/Users/user/Documents/Development/open-source-tools/GST-Verification-API/venv/lib/python3.13/site-packages/flask/app.py\", line 2190, in wsgi_app\n    response = self.full_dispatch_request()\n  File \"/Users/user/Documents/Development/open-source-tools/GST-Verification-API/venv/lib/python3.13/site-packages/flask/app.py\", line 1487, in full_dispatch_request\n    return self.finalize_request(rv)\n           ~~~~~~~~~~~~~~~~~~~~~^^^^\n  File \"/Users/user/Documents/Development/open-source-tools/GST-Verification-API/venv/lib/python3.13/site-packages/flask/app.py\", line 1508, in finalize_request\n    response = self.process_response(response)\n  File \"/Users/user/Documents/Development/open-source-tools/GST-Verification-API/venv/lib/python3.13/site-packages/flask/app.py\", line 2002, in process_response\n    response = self.ensure_sync(func)(response)\n  File \"/Users/user/Documents/Development/open-source-tools/GST-Verification-API/logging_config.py\", line 546, in after_request\n    duration = (datetime.utcnow() - g.start_time).total_seconds()\n                ~~~~~~~~~~~~~~~~~~^~~~~~~~~~~~~~\nTypeError: unsupported operand type(s) for -: 'datetime.datetime' and 'float'", "extra": {"taskName": null, "request_id": "b61dc6e9-486c-4c36-ab2e-3822d860cf50"}}
{"timestamp": "2025-08-11T17:26:43.365343Z", "level": "INFO", "logger": "gst_api", "message": "Request completed: GET / - 500 - 0.008s", "module": "app", "function": "after_request", "line": 160, "process_id": 50105, "thread_id": 123145619488768, "extra": {"taskName": null, "request_id": "b61dc6e9-486c-4c36-ab2e-3822d860cf50", "method": "GET", "path": "/", "status_code": 500, "duration": 0.007974863052368164, "response_size": 198}}
{"timestamp": "2025-08-11T17:26:43.365492Z", "level": "INFO", "logger": "gst_api.performance", "message": "Performance: GET / took 0.008s", "module": "logging_config", "function": "log_performance", "line": 445, "process_id": 50105, "thread_id": 123145619488768, "extra": {"taskName": null, "operation": "GET /", "duration": 0.007974863052368164, "performance_metric": true, "status_code": 500, "request_id": "b61dc6e9-486c-4c36-ab2e-3822d860cf50"}}
{"timestamp": "2025-08-11T17:26:43.365772Z", "level": "ERROR", "logger": "app", "message": "Request finalizing failed with an error while handling an error", "module": "app", "function": "finalize_request", "line": 1515, "process_id": 50105, "thread_id": 123145619488768, "exception": "Traceback (most recent call last):\n  File \"/Users/user/Documents/Development/open-source-tools/GST-Verification-API/venv/lib/python3.13/site-packages/flask/app.py\", line 2190, in wsgi_app\n    response = self.full_dispatch_request()\n  File \"/Users/user/Documents/Development/open-source-tools/GST-Verification-API/venv/lib/python3.13/site-packages/flask/app.py\", line 1487, in full_dispatch_request\n    return self.finalize_request(rv)\n           ~~~~~~~~~~~~~~~~~~~~~^^^^\n  File \"/Users/user/Documents/Development/open-source-tools/GST-Verification-API/venv/lib/python3.13/site-packages/flask/app.py\", line 1508, in finalize_request\n    response = self.process_response(response)\n  File \"/Users/user/Documents/Development/open-source-tools/GST-Verification-API/venv/lib/python3.13/site-packages/flask/app.py\", line 2002, in process_response\n    response = self.ensure_sync(func)(response)\n  File \"/Users/user/Documents/Development/open-source-tools/GST-Verification-API/logging_config.py\", line 546, in after_request\n    duration = (datetime.utcnow() - g.start_time).total_seconds()\n                ~~~~~~~~~~~~~~~~~~^~~~~~~~~~~~~~\nTypeError: unsupported operand type(s) for -: 'datetime.datetime' and 'float'\n\nDuring handling of the above exception, another exception occurred:\n\nTraceback (most recent call last):\n  File \"/Users/user/Documents/Development/open-source-tools/GST-Verification-API/venv/lib/python3.13/site-packages/flask/app.py\", line 1508, in finalize_request\n    response = self.process_response(response)\n  File \"/Users/user/Documents/Development/open-source-tools/GST-Verification-API/venv/lib/python3.13/site-packages/flask/app.py\", line 2002, in process_response\n    response = self.ensure_sync(func)(response)\n  File \"/Users/user/Documents/Development/open-source-tools/GST-Verification-API/logging_config.py\", line 546, in after_request\n    duration = (datetime.utcnow() - g.start_time).total_seconds()\n                ~~~~~~~~~~~~~~~~~~^~~~~~~~~~~~~~\nTypeError: unsupported operand type(s) for -: 'datetime.datetime' and 'float'", "extra": {"taskName": null}}
{"timestamp": "2025-08-11T17:26:43.371579Z", "level": "ERROR", "logger": "gst_api.errors", "message": "Request failed with exception: unsupported operand type(s) for -: 'datetime.datetime' and 'float'", "module": "logging_config", "function": "teardown_request", "line": 563, "process_id": 50105, "thread_id": 123145619488768, "exception": "NoneType: None", "extra": {"taskName": null, "exception_type": "TypeError", "request_path": "/", "request_method": "GET"}}
{"timestamp": "2025-08-11T17:28:44.201135Z", "level": "DEBUG", "logger": "gst_api.requests", "message": "Request started: GET /captcha", "module": "logging_config", "function": "before_request", "line": 530, "process_id": 50105, "thread_id": 123145636278272, "extra": {"taskName": null, "method": "GET", "path": "/captcha", "remote_addr": "127.0.0.1", "user_agent": "Mozilla/5.0 (Macintosh; Intel Mac OS X 10_15_7) AppleWebKit/537.36 (KHTML, like Gecko) Chrome/138.0.0.0 Safari/537.36", "request_id": null}}
{"timestamp": "2025-08-11T17:28:44.201691Z", "level": "INFO", "logger": "gst_api", "message": "Request started: GET /captcha", "module": "app", "function": "before_request", "line": 138, "process_id": 50105, "thread_id": 123145636278272, "extra": {"taskName": null, "request_id": "8ff007a9-a91b-4f0f-8886-acaf744eb799", "method": "GET", "path": "/captcha", "remote_addr": "127.0.0.1", "user_agent": "Mozilla/5.0 (Macintosh; Intel Mac OS X 10_15_7) AppleWebKit/537.36 (KHTML, like Gecko) Chrome/138.0.0.0 Safari/537.36"}}
{"timestamp": "2025-08-11T17:28:44.202632Z", "level": "INFO", "logger": "gst_api", "message": "New session created: 41eae237-fce3-4da0-8a10-2a6ac03720e4", "module": "app", "function": "create_session", "line": 392, "process_id": 50105, "thread_id": 123145636278272, "extra": {"taskName": null}}
{"timestamp": "2025-08-11T17:28:45.661122Z", "level": "INFO", "logger": "gst_api", "message": "Captcha retrieved successfully for session: 41eae237-fce3-4da0-8a10-2a6ac03720e4", "module": "app", "function": "get_captcha", "line": 612, "process_id": 50105, "thread_id": 123145636278272, "extra": {"taskName": null}}
{"timestamp": "2025-08-11T17:28:45.661370Z", "level": "INFO", "logger": "gst_api.audit", "message": "Audit: captcha_retrieved by user {session_id=[REDACTED], 'captcha_size': 4961, 'content_type': 'image/png'} - success", "module": "logging_config", "function": "log_audit", "line": 469, "process_id": 50105, "thread_id": 123145636278272, "extra": {"taskName": null, "action": "captcha_retrieved", "user_id": {"session_id": "41eae237-fce3-4da0-8a10-2a6ac03720e4", "captcha_size": 4961, "content_type": "image/png"}, "resource": null, "result": "success", "audit": true}}
{"timestamp": "2025-08-11T17:28:45.662658Z", "level": "INFO", "logger": "gst_api", "message": "Request completed: GET /captcha - 200 - 1.461s", "module": "app", "function": "after_request", "line": 160, "process_id": 50105, "thread_id": 123145636278272, "extra": {"taskName": null, "request_id": "8ff007a9-a91b-4f0f-8886-acaf744eb799", "method": "GET", "path": "/captcha", "status_code": 200, "duration": 1.4609348773956299, "response_size": 6771}}
{"timestamp": "2025-08-11T17:28:45.662827Z", "level": "INFO", "logger": "gst_api.performance", "message": "Performance: GET /captcha took 1.461s", "module": "logging_config", "function": "log_performance", "line": 445, "process_id": 50105, "thread_id": 123145636278272, "extra": {"taskName": null, "operation": "GET /captcha", "duration": 1.4609348773956299, "performance_metric": true, "status_code": 200, "request_id": "8ff007a9-a91b-4f0f-8886-acaf744eb799"}}
{"timestamp": "2025-08-11T17:28:45.663327Z", "level": "ERROR", "logger": "app", "message": "Exception on /captcha [GET]", "module": "app", "function": "log_exception", "line": 1414, "process_id": 50105, "thread_id": 123145636278272, "exception": "Traceback (most recent call last):\n  File \"/Users/user/Documents/Development/open-source-tools/GST-Verification-API/venv/lib/python3.13/site-packages/flask/app.py\", line 2190, in wsgi_app\n    response = self.full_dispatch_request()\n  File \"/Users/user/Documents/Development/open-source-tools/GST-Verification-API/venv/lib/python3.13/site-packages/flask/app.py\", line 1487, in full_dispatch_request\n    return self.finalize_request(rv)\n           ~~~~~~~~~~~~~~~~~~~~~^^^^\n  File \"/Users/user/Documents/Development/open-source-tools/GST-Verification-API/venv/lib/python3.13/site-packages/flask/app.py\", line 1508, in finalize_request\n    response = self.process_response(response)\n  File \"/Users/user/Documents/Development/open-source-tools/GST-Verification-API/venv/lib/python3.13/site-packages/flask/app.py\", line 2002, in process_response\n    response = self.ensure_sync(func)(response)\n  File \"/Users/user/Documents/Development/open-source-tools/GST-Verification-API/logging_config.py\", line 546, in after_request\nTypeError: unsupported operand type(s) for -: 'datetime.datetime' and 'float'", "extra": {"taskName": null}}
{"timestamp": "2025-08-11T17:28:45.667384Z", "level": "ERROR", "logger": "gst_api", "message": "Internal server error: 500 Internal Server Error: The server encountered an internal error and was unable to complete your request. Either the server is overloaded or there is an error in the application.", "module": "app", "function": "internal_error", "line": 254, "process_id": 50105, "thread_id": 123145636278272, "exception": "Traceback (most recent call last):\n  File \"/Users/user/Documents/Development/open-source-tools/GST-Verification-API/venv/lib/python3.13/site-packages/flask/app.py\", line 2190, in wsgi_app\n    response = self.full_dispatch_request()\n  File \"/Users/user/Documents/Development/open-source-tools/GST-Verification-API/venv/lib/python3.13/site-packages/flask/app.py\", line 1487, in full_dispatch_request\n    return self.finalize_request(rv)\n           ~~~~~~~~~~~~~~~~~~~~~^^^^\n  File \"/Users/user/Documents/Development/open-source-tools/GST-Verification-API/venv/lib/python3.13/site-packages/flask/app.py\", line 1508, in finalize_request\n    response = self.process_response(response)\n  File \"/Users/user/Documents/Development/open-source-tools/GST-Verification-API/venv/lib/python3.13/site-packages/flask/app.py\", line 2002, in process_response\n    response = self.ensure_sync(func)(response)\n  File \"/Users/user/Documents/Development/open-source-tools/GST-Verification-API/logging_config.py\", line 546, in after_request\nTypeError: unsupported operand type(s) for -: 'datetime.datetime' and 'float'", "extra": {"taskName": null, "request_id": "8ff007a9-a91b-4f0f-8886-acaf744eb799"}}
{"timestamp": "2025-08-11T17:28:45.669918Z", "level": "INFO", "logger": "gst_api", "message": "Request completed: GET /captcha - 500 - 1.468s", "module": "app", "function": "after_request", "line": 160, "process_id": 50105, "thread_id": 123145636278272, "extra": {"taskName": null, "request_id": "8ff007a9-a91b-4f0f-8886-acaf744eb799", "method": "GET", "path": "/captcha", "status_code": 500, "duration": 1.4682259559631348, "response_size": 198}}
{"timestamp": "2025-08-11T17:28:45.670070Z", "level": "INFO", "logger": "gst_api.performance", "message": "Performance: GET /captcha took 1.468s", "module": "logging_config", "function": "log_performance", "line": 445, "process_id": 50105, "thread_id": 123145636278272, "extra": {"taskName": null, "operation": "GET /captcha", "duration": 1.4682259559631348, "performance_metric": true, "status_code": 500, "request_id": "8ff007a9-a91b-4f0f-8886-acaf744eb799"}}
{"timestamp": "2025-08-11T17:28:45.670365Z", "level": "ERROR", "logger": "app", "message": "Request finalizing failed with an error while handling an error", "module": "app", "function": "finalize_request", "line": 1515, "process_id": 50105, "thread_id": 123145636278272, "exception": "Traceback (most recent call last):\n  File \"/Users/user/Documents/Development/open-source-tools/GST-Verification-API/venv/lib/python3.13/site-packages/flask/app.py\", line 2190, in wsgi_app\n    response = self.full_dispatch_request()\n  File \"/Users/user/Documents/Development/open-source-tools/GST-Verification-API/venv/lib/python3.13/site-packages/flask/app.py\", line 1487, in full_dispatch_request\n    return self.finalize_request(rv)\n           ~~~~~~~~~~~~~~~~~~~~~^^^^\n  File \"/Users/user/Documents/Development/open-source-tools/GST-Verification-API/venv/lib/python3.13/site-packages/flask/app.py\", line 1508, in finalize_request\n    response = self.process_response(response)\n  File \"/Users/user/Documents/Development/open-source-tools/GST-Verification-API/venv/lib/python3.13/site-packages/flask/app.py\", line 2002, in process_response\n    response = self.ensure_sync(func)(response)\n  File \"/Users/user/Documents/Development/open-source-tools/GST-Verification-API/logging_config.py\", line 546, in after_request\nTypeError: unsupported operand type(s) for -: 'datetime.datetime' and 'float'\n\nDuring handling of the above exception, another exception occurred:\n\nTraceback (most recent call last):\n  File \"/Users/user/Documents/Development/open-source-tools/GST-Verification-API/venv/lib/python3.13/site-packages/flask/app.py\", line 1508, in finalize_request\n    response = self.process_response(response)\n  File \"/Users/user/Documents/Development/open-source-tools/GST-Verification-API/venv/lib/python3.13/site-packages/flask/app.py\", line 2002, in process_response\n    response = self.ensure_sync(func)(response)\n  File \"/Users/user/Documents/Development/open-source-tools/GST-Verification-API/logging_config.py\", line 546, in after_request\nTypeError: unsupported operand type(s) for -: 'datetime.datetime' and 'float'", "extra": {"taskName": null}}
{"timestamp": "2025-08-11T17:28:45.674032Z", "level": "ERROR", "logger": "gst_api.errors", "message": "Request failed with exception: unsupported operand type(s) for -: 'datetime.datetime' and 'float'", "module": "logging_config", "function": "teardown_request", "line": 563, "process_id": 50105, "thread_id": 123145636278272, "exception": "NoneType: None", "extra": {"taskName": null, "exception_type": "TypeError", "request_path": "/captcha", "request_method": "GET"}}
{"timestamp": "2025-08-11T17:29:08.449698Z", "level": "INFO", "logger": "gst_api", "message": "GST Verification API initialized in unknown mode", "module": "app", "function": "create_app", "line": 124, "process_id": 53742, "thread_id": 140704568208320, "extra": {"taskName": null}}
{"timestamp": "2025-08-11T17:29:08.450566Z", "level": "INFO", "logger": "gst_api", "message": "Session cleanup thread started", "module": "app", "function": "cleanup_expired_sessions", "line": 969, "process_id": 53742, "thread_id": 140704568208320, "extra": {"taskName": null}}
{"timestamp": "2025-08-11T17:29:08.450710Z", "level": "INFO", "logger": "gst_api", "message": "GST Verification API initialized successfully", "module": "app", "function": "create_app_instance", "line": 1018, "process_id": 53742, "thread_id": 140704568208320, "extra": {"taskName": null}}
{"timestamp": "2025-08-11T17:29:15.256066Z", "level": "DEBUG", "logger": "gst_api.requests", "message": "Request started: GET /captcha", "module": "logging_config", "function": "before_request", "line": 530, "process_id": 50105, "thread_id": 123145602699264, "extra": {"taskName": null, "method": "GET", "path": "/captcha", "remote_addr": "127.0.0.1", "user_agent": "Mozilla/5.0 (Macintosh; Intel Mac OS X 10_15_7) AppleWebKit/537.36 (KHTML, like Gecko) Chrome/138.0.0.0 Safari/537.36", "request_id": null}}
{"timestamp": "2025-08-11T17:29:15.256618Z", "level": "INFO", "logger": "gst_api", "message": "Request started: GET /captcha", "module": "app", "function": "before_request", "line": 138, "process_id": 50105, "thread_id": 123145602699264, "extra": {"taskName": null, "request_id": "1b4dd541-7a2c-4746-9ba3-c2a21ca00ceb", "method": "GET", "path": "/captcha", "remote_addr": "127.0.0.1", "user_agent": "Mozilla/5.0 (Macintosh; Intel Mac OS X 10_15_7) AppleWebKit/537.36 (KHTML, like Gecko) Chrome/138.0.0.0 Safari/537.36"}}
{"timestamp": "2025-08-11T17:29:15.257633Z", "level": "INFO", "logger": "gst_api", "message": "New session created: a96f74c4-655b-46d6-a0ff-66f280c13ed2", "module": "app", "function": "create_session", "line": 392, "process_id": 50105, "thread_id": 123145602699264, "extra": {"taskName": null}}
{"timestamp": "2025-08-11T17:29:15.378459Z", "level": "INFO", "logger": "gst_api", "message": "Captcha retrieved successfully for session: a96f74c4-655b-46d6-a0ff-66f280c13ed2", "module": "app", "function": "get_captcha", "line": 612, "process_id": 50105, "thread_id": 123145602699264, "extra": {"taskName": null}}
{"timestamp": "2025-08-11T17:29:15.378707Z", "level": "INFO", "logger": "gst_api.audit", "message": "Audit: captcha_retrieved by user {session_id=[REDACTED], 'captcha_size': 4681, 'content_type': 'image/png'} - success", "module": "logging_config", "function": "log_audit", "line": 469, "process_id": 50105, "thread_id": 123145602699264, "extra": {"taskName": null, "action": "captcha_retrieved", "user_id": {"session_id": "a96f74c4-655b-46d6-a0ff-66f280c13ed2", "captcha_size": 4681, "content_type": "image/png"}, "resource": null, "result": "success", "audit": true}}
{"timestamp": "2025-08-11T17:29:15.379524Z", "level": "INFO", "logger": "gst_api", "message": "Request completed: GET /captcha - 200 - 0.123s", "module": "app", "function": "after_request", "line": 160, "process_id": 50105, "thread_id": 123145602699264, "extra": {"taskName": null, "request_id": "1b4dd541-7a2c-4746-9ba3-c2a21ca00ceb", "method": "GET", "path": "/captcha", "status_code": 200, "duration": 0.12290716171264648, "response_size": 6399}}
{"timestamp": "2025-08-11T17:29:15.379709Z", "level": "INFO", "logger": "gst_api.performance", "message": "Performance: GET /captcha took 0.123s", "module": "logging_config", "function": "log_performance", "line": 445, "process_id": 50105, "thread_id": 123145602699264, "extra": {"taskName": null, "operation": "GET /captcha", "duration": 0.12290716171264648, "performance_metric": true, "status_code": 200, "request_id": "1b4dd541-7a2c-4746-9ba3-c2a21ca00ceb"}}
{"timestamp": "2025-08-11T17:29:15.380294Z", "level": "ERROR", "logger": "app", "message": "Exception on /captcha [GET]", "module": "app", "function": "log_exception", "line": 1414, "process_id": 50105, "thread_id": 123145602699264, "exception": "Traceback (most recent call last):\n  File \"/Users/user/Documents/Development/open-source-tools/GST-Verification-API/venv/lib/python3.13/site-packages/flask/app.py\", line 2190, in wsgi_app\n    response = self.full_dispatch_request()\n  File \"/Users/user/Documents/Development/open-source-tools/GST-Verification-API/venv/lib/python3.13/site-packages/flask/app.py\", line 1487, in full_dispatch_request\n    return self.finalize_request(rv)\n           ~~~~~~~~~~~~~~~~~~~~~^^^^\n  File \"/Users/user/Documents/Development/open-source-tools/GST-Verification-API/venv/lib/python3.13/site-packages/flask/app.py\", line 1508, in finalize_request\n    response = self.process_response(response)\n  File \"/Users/user/Documents/Development/open-source-tools/GST-Verification-API/venv/lib/python3.13/site-packages/flask/app.py\", line 2002, in process_response\n    response = self.ensure_sync(func)(response)\n  File \"/Users/user/Documents/Development/open-source-tools/GST-Verification-API/logging_config.py\", line 546, in after_request\nTypeError: unsupported operand type(s) for -: 'datetime.datetime' and 'float'", "extra": {"taskName": null}}
{"timestamp": "2025-08-11T17:29:15.383230Z", "level": "ERROR", "logger": "gst_api", "message": "Internal server error: 500 Internal Server Error: The server encountered an internal error and was unable to complete your request. Either the server is overloaded or there is an error in the application.", "module": "app", "function": "internal_error", "line": 254, "process_id": 50105, "thread_id": 123145602699264, "exception": "Traceback (most recent call last):\n  File \"/Users/user/Documents/Development/open-source-tools/GST-Verification-API/venv/lib/python3.13/site-packages/flask/app.py\", line 2190, in wsgi_app\n    response = self.full_dispatch_request()\n  File \"/Users/user/Documents/Development/open-source-tools/GST-Verification-API/venv/lib/python3.13/site-packages/flask/app.py\", line 1487, in full_dispatch_request\n    return self.finalize_request(rv)\n           ~~~~~~~~~~~~~~~~~~~~~^^^^\n  File \"/Users/user/Documents/Development/open-source-tools/GST-Verification-API/venv/lib/python3.13/site-packages/flask/app.py\", line 1508, in finalize_request\n    response = self.process_response(response)\n  File \"/Users/user/Documents/Development/open-source-tools/GST-Verification-API/venv/lib/python3.13/site-packages/flask/app.py\", line 2002, in process_response\n    response = self.ensure_sync(func)(response)\n  File \"/Users/user/Documents/Development/open-source-tools/GST-Verification-API/logging_config.py\", line 546, in after_request\nTypeError: unsupported operand type(s) for -: 'datetime.datetime' and 'float'", "extra": {"taskName": null, "request_id": "1b4dd541-7a2c-4746-9ba3-c2a21ca00ceb"}}
{"timestamp": "2025-08-11T17:29:15.385705Z", "level": "INFO", "logger": "gst_api", "message": "Request completed: GET /captcha - 500 - 0.129s", "module": "app", "function": "after_request", "line": 160, "process_id": 50105, "thread_id": 123145602699264, "extra": {"taskName": null, "request_id": "1b4dd541-7a2c-4746-9ba3-c2a21ca00ceb", "method": "GET", "path": "/captcha", "status_code": 500, "duration": 0.12909412384033203, "response_size": 198}}
{"timestamp": "2025-08-11T17:29:15.385851Z", "level": "INFO", "logger": "gst_api.performance", "message": "Performance: GET /captcha took 0.129s", "module": "logging_config", "function": "log_performance", "line": 445, "process_id": 50105, "thread_id": 123145602699264, "extra": {"taskName": null, "operation": "GET /captcha", "duration": 0.12909412384033203, "performance_metric": true, "status_code": 500, "request_id": "1b4dd541-7a2c-4746-9ba3-c2a21ca00ceb"}}
{"timestamp": "2025-08-11T17:29:15.386130Z", "level": "ERROR", "logger": "app", "message": "Request finalizing failed with an error while handling an error", "module": "app", "function": "finalize_request", "line": 1515, "process_id": 50105, "thread_id": 123145602699264, "exception": "Traceback (most recent call last):\n  File \"/Users/user/Documents/Development/open-source-tools/GST-Verification-API/venv/lib/python3.13/site-packages/flask/app.py\", line 2190, in wsgi_app\n    response = self.full_dispatch_request()\n  File \"/Users/user/Documents/Development/open-source-tools/GST-Verification-API/venv/lib/python3.13/site-packages/flask/app.py\", line 1487, in full_dispatch_request\n    return self.finalize_request(rv)\n           ~~~~~~~~~~~~~~~~~~~~~^^^^\n  File \"/Users/user/Documents/Development/open-source-tools/GST-Verification-API/venv/lib/python3.13/site-packages/flask/app.py\", line 1508, in finalize_request\n    response = self.process_response(response)\n  File \"/Users/user/Documents/Development/open-source-tools/GST-Verification-API/venv/lib/python3.13/site-packages/flask/app.py\", line 2002, in process_response\n    response = self.ensure_sync(func)(response)\n  File \"/Users/user/Documents/Development/open-source-tools/GST-Verification-API/logging_config.py\", line 546, in after_request\nTypeError: unsupported operand type(s) for -: 'datetime.datetime' and 'float'\n\nDuring handling of the above exception, another exception occurred:\n\nTraceback (most recent call last):\n  File \"/Users/user/Documents/Development/open-source-tools/GST-Verification-API/venv/lib/python3.13/site-packages/flask/app.py\", line 1508, in finalize_request\n    response = self.process_response(response)\n  File \"/Users/user/Documents/Development/open-source-tools/GST-Verification-API/venv/lib/python3.13/site-packages/flask/app.py\", line 2002, in process_response\n    response = self.ensure_sync(func)(response)\n  File \"/Users/user/Documents/Development/open-source-tools/GST-Verification-API/logging_config.py\", line 546, in after_request\nTypeError: unsupported operand type(s) for -: 'datetime.datetime' and 'float'", "extra": {"taskName": null}}
{"timestamp": "2025-08-11T17:29:15.390678Z", "level": "ERROR", "logger": "gst_api.errors", "message": "Request failed with exception: unsupported operand type(s) for -: 'datetime.datetime' and 'float'", "module": "logging_config", "function": "teardown_request", "line": 563, "process_id": 50105, "thread_id": 123145602699264, "exception": "NoneType: None", "extra": {"taskName": null, "exception_type": "TypeError", "request_path": "/captcha", "request_method": "GET"}}
{"timestamp": "2025-08-11T17:29:17.880761Z", "level": "DEBUG", "logger": "gst_api.requests", "message": "Request started: GET /", "module": "logging_config", "function": "before_request", "line": 530, "process_id": 50105, "thread_id": 123145653067776, "extra": {"taskName": null, "method": "GET", "path": "/", "remote_addr": "127.0.0.1", "user_agent": "Mozilla/5.0 (Macintosh; Intel Mac OS X 10_15_7) AppleWebKit/537.36 (KHTML, like Gecko) Chrome/138.0.0.0 Safari/537.36", "request_id": null}}
{"timestamp": "2025-08-11T17:29:17.881349Z", "level": "INFO", "logger": "gst_api", "message": "Request started: GET /", "module": "app", "function": "before_request", "line": 138, "process_id": 50105, "thread_id": 123145653067776, "extra": {"taskName": null, "request_id": "be965c54-072d-433c-af26-b4a1d68bf282", "method": "GET", "path": "/", "remote_addr": "127.0.0.1", "user_agent": "Mozilla/5.0 (Macintosh; Intel Mac OS X 10_15_7) AppleWebKit/537.36 (KHTML, like Gecko) Chrome/138.0.0.0 Safari/537.36"}}
{"timestamp": "2025-08-11T17:29:17.881741Z", "level": "WARNING", "logger": "gst_api", "message": "Not found: /", "module": "app", "function": "not_found", "line": 210, "process_id": 50105, "thread_id": 123145653067776, "extra": {"taskName": null, "request_id": "be965c54-072d-433c-af26-b4a1d68bf282"}}
{"timestamp": "2025-08-11T17:29:17.882156Z", "level": "INFO", "logger": "gst_api", "message": "Request completed: GET / - 404 - 0.001s", "module": "app", "function": "after_request", "line": 160, "process_id": 50105, "thread_id": 123145653067776, "extra": {"taskName": null, "request_id": "be965c54-072d-433c-af26-b4a1d68bf282", "method": "GET", "path": "/", "status_code": 404, "duration": 0.0008077621459960938, "response_size": 164}}
{"timestamp": "2025-08-11T17:29:17.882401Z", "level": "INFO", "logger": "gst_api.performance", "message": "Performance: GET / took 0.001s", "module": "logging_config", "function": "log_performance", "line": 445, "process_id": 50105, "thread_id": 123145653067776, "extra": {"taskName": null, "operation": "GET /", "duration": 0.0008077621459960938, "performance_metric": true, "status_code": 404, "request_id": "be965c54-072d-433c-af26-b4a1d68bf282"}}
{"timestamp": "2025-08-11T17:29:17.882872Z", "level": "ERROR", "logger": "app", "message": "Exception on / [GET]", "module": "app", "function": "log_exception", "line": 1414, "process_id": 50105, "thread_id": 123145653067776, "exception": "Traceback (most recent call last):\n  File \"/Users/user/Documents/Development/open-source-tools/GST-Verification-API/venv/lib/python3.13/site-packages/flask/app.py\", line 2190, in wsgi_app\n    response = self.full_dispatch_request()\n  File \"/Users/user/Documents/Development/open-source-tools/GST-Verification-API/venv/lib/python3.13/site-packages/flask/app.py\", line 1487, in full_dispatch_request\n    return self.finalize_request(rv)\n           ~~~~~~~~~~~~~~~~~~~~~^^^^\n  File \"/Users/user/Documents/Development/open-source-tools/GST-Verification-API/venv/lib/python3.13/site-packages/flask/app.py\", line 1508, in finalize_request\n    response = self.process_response(response)\n  File \"/Users/user/Documents/Development/open-source-tools/GST-Verification-API/venv/lib/python3.13/site-packages/flask/app.py\", line 2002, in process_response\n    response = self.ensure_sync(func)(response)\n  File \"/Users/user/Documents/Development/open-source-tools/GST-Verification-API/logging_config.py\", line 546, in after_request\nTypeError: unsupported operand type(s) for -: 'datetime.datetime' and 'float'", "extra": {"taskName": null}}
{"timestamp": "2025-08-11T17:29:17.887335Z", "level": "ERROR", "logger": "gst_api", "message": "Internal server error: 500 Internal Server Error: The server encountered an internal error and was unable to complete your request. Either the server is overloaded or there is an error in the application.", "module": "app", "function": "internal_error", "line": 254, "process_id": 50105, "thread_id": 123145653067776, "exception": "Traceback (most recent call last):\n  File \"/Users/user/Documents/Development/open-source-tools/GST-Verification-API/venv/lib/python3.13/site-packages/flask/app.py\", line 2190, in wsgi_app\n    response = self.full_dispatch_request()\n  File \"/Users/user/Documents/Development/open-source-tools/GST-Verification-API/venv/lib/python3.13/site-packages/flask/app.py\", line 1487, in full_dispatch_request\n    return self.finalize_request(rv)\n           ~~~~~~~~~~~~~~~~~~~~~^^^^\n  File \"/Users/user/Documents/Development/open-source-tools/GST-Verification-API/venv/lib/python3.13/site-packages/flask/app.py\", line 1508, in finalize_request\n    response = self.process_response(response)\n  File \"/Users/user/Documents/Development/open-source-tools/GST-Verification-API/venv/lib/python3.13/site-packages/flask/app.py\", line 2002, in process_response\n    response = self.ensure_sync(func)(response)\n  File \"/Users/user/Documents/Development/open-source-tools/GST-Verification-API/logging_config.py\", line 546, in after_request\nTypeError: unsupported operand type(s) for -: 'datetime.datetime' and 'float'", "extra": {"taskName": null, "request_id": "be965c54-072d-433c-af26-b4a1d68bf282"}}
{"timestamp": "2025-08-11T17:29:17.890359Z", "level": "INFO", "logger": "gst_api", "message": "Request completed: GET / - 500 - 0.009s", "module": "app", "function": "after_request", "line": 160, "process_id": 50105, "thread_id": 123145653067776, "extra": {"taskName": null, "request_id": "be965c54-072d-433c-af26-b4a1d68bf282", "method": "GET", "path": "/", "status_code": 500, "duration": 0.009001970291137695, "response_size": 198}}
{"timestamp": "2025-08-11T17:29:17.890618Z", "level": "INFO", "logger": "gst_api.performance", "message": "Performance: GET / took 0.009s", "module": "logging_config", "function": "log_performance", "line": 445, "process_id": 50105, "thread_id": 123145653067776, "extra": {"taskName": null, "operation": "GET /", "duration": 0.009001970291137695, "performance_metric": true, "status_code": 500, "request_id": "be965c54-072d-433c-af26-b4a1d68bf282"}}
{"timestamp": "2025-08-11T17:29:17.891224Z", "level": "ERROR", "logger": "app", "message": "Request finalizing failed with an error while handling an error", "module": "app", "function": "finalize_request", "line": 1515, "process_id": 50105, "thread_id": 123145653067776, "exception": "Traceback (most recent call last):\n  File \"/Users/user/Documents/Development/open-source-tools/GST-Verification-API/venv/lib/python3.13/site-packages/flask/app.py\", line 2190, in wsgi_app\n    response = self.full_dispatch_request()\n  File \"/Users/user/Documents/Development/open-source-tools/GST-Verification-API/venv/lib/python3.13/site-packages/flask/app.py\", line 1487, in full_dispatch_request\n    return self.finalize_request(rv)\n           ~~~~~~~~~~~~~~~~~~~~~^^^^\n  File \"/Users/user/Documents/Development/open-source-tools/GST-Verification-API/venv/lib/python3.13/site-packages/flask/app.py\", line 1508, in finalize_request\n    response = self.process_response(response)\n  File \"/Users/user/Documents/Development/open-source-tools/GST-Verification-API/venv/lib/python3.13/site-packages/flask/app.py\", line 2002, in process_response\n    response = self.ensure_sync(func)(response)\n  File \"/Users/user/Documents/Development/open-source-tools/GST-Verification-API/logging_config.py\", line 546, in after_request\nTypeError: unsupported operand type(s) for -: 'datetime.datetime' and 'float'\n\nDuring handling of the above exception, another exception occurred:\n\nTraceback (most recent call last):\n  File \"/Users/user/Documents/Development/open-source-tools/GST-Verification-API/venv/lib/python3.13/site-packages/flask/app.py\", line 1508, in finalize_request\n    response = self.process_response(response)\n  File \"/Users/user/Documents/Development/open-source-tools/GST-Verification-API/venv/lib/python3.13/site-packages/flask/app.py\", line 2002, in process_response\n    response = self.ensure_sync(func)(response)\n  File \"/Users/user/Documents/Development/open-source-tools/GST-Verification-API/logging_config.py\", line 546, in after_request\nTypeError: unsupported operand type(s) for -: 'datetime.datetime' and 'float'", "extra": {"taskName": null}}
{"timestamp": "2025-08-11T17:29:17.897828Z", "level": "ERROR", "logger": "gst_api.errors", "message": "Request failed with exception: unsupported operand type(s) for -: 'datetime.datetime' and 'float'", "module": "logging_config", "function": "teardown_request", "line": 563, "process_id": 50105, "thread_id": 123145653067776, "exception": "NoneType: None", "extra": {"taskName": null, "exception_type": "TypeError", "request_path": "/", "request_method": "GET"}}
{"timestamp": "2025-08-11T17:29:20.235971Z", "level": "INFO", "logger": "gst_api", "message": "GST Verification API initialized in unknown mode", "module": "app", "function": "create_app", "line": 124, "process_id": 54806, "thread_id": 140704568208320, "extra": {"taskName": null}}
{"timestamp": "2025-08-11T17:29:20.236630Z", "level": "INFO", "logger": "gst_api", "message": "Session cleanup thread started", "module": "app", "function": "cleanup_expired_sessions", "line": 969, "process_id": 54806, "thread_id": 140704568208320, "extra": {"taskName": null}}
{"timestamp": "2025-08-11T17:29:20.236771Z", "level": "INFO", "logger": "gst_api", "message": "GST Verification API initialized successfully", "module": "app", "function": "create_app_instance", "line": 1018, "process_id": 54806, "thread_id": 140704568208320, "extra": {"taskName": null}}
{"timestamp": "2025-08-11T17:29:25.943338Z", "level": "DEBUG", "logger": "gst_api.requests", "message": "Request started: GET /", "module": "logging_config", "function": "before_request", "line": 531, "process_id": 54806, "thread_id": 123145373159424, "extra": {"taskName": null, "method": "GET", "path": "/", "remote_addr": "127.0.0.1", "user_agent": "Mozilla/5.0 (Macintosh; Intel Mac OS X 10_15_7) AppleWebKit/537.36 (KHTML, like Gecko) Chrome/138.0.0.0 Safari/537.36", "request_id": null}}
{"timestamp": "2025-08-11T17:29:25.943861Z", "level": "INFO", "logger": "gst_api", "message": "Request started: GET /", "module": "app", "function": "before_request", "line": 138, "process_id": 54806, "thread_id": 123145373159424, "extra": {"taskName": null, "request_id": "085fe52d-2262-4cf1-a2fb-656a81a40e07", "method": "GET", "path": "/", "remote_addr": "127.0.0.1", "user_agent": "Mozilla/5.0 (Macintosh; Intel Mac OS X 10_15_7) AppleWebKit/537.36 (KHTML, like Gecko) Chrome/138.0.0.0 Safari/537.36"}}
{"timestamp": "2025-08-11T17:29:25.944172Z", "level": "WARNING", "logger": "gst_api", "message": "Not found: /", "module": "app", "function": "not_found", "line": 210, "process_id": 54806, "thread_id": 123145373159424, "extra": {"taskName": null, "request_id": "085fe52d-2262-4cf1-a2fb-656a81a40e07"}}
{"timestamp": "2025-08-11T17:29:25.944918Z", "level": "INFO", "logger": "gst_api", "message": "Request completed: GET / - 404 - 0.001s", "module": "app", "function": "after_request", "line": 160, "process_id": 54806, "thread_id": 123145373159424, "extra": {"taskName": null, "request_id": "085fe52d-2262-4cf1-a2fb-656a81a40e07", "method": "GET", "path": "/", "status_code": 404, "duration": 0.00109100341796875, "response_size": 164}}
{"timestamp": "2025-08-11T17:29:25.945159Z", "level": "INFO", "logger": "gst_api.performance", "message": "Performance: GET / took 0.001s", "module": "logging_config", "function": "log_performance", "line": 445, "process_id": 54806, "thread_id": 123145373159424, "extra": {"taskName": null, "operation": "GET /", "duration": 0.00109100341796875, "performance_metric": true, "status_code": 404, "request_id": "085fe52d-2262-4cf1-a2fb-656a81a40e07"}}
{"timestamp": "2025-08-11T17:29:25.945465Z", "level": "INFO", "logger": "gst_api.access", "message": "GET / - 404 - 0.002s - IP: 127.0.0.1", "module": "logging_config", "function": "log_request", "line": 430, "process_id": 54806, "thread_id": 123145373159424, "extra": {"taskName": null, "method": "GET", "path": "/", "status_code": 404, "duration": 0.0016977787017822266, "user_id": null, "ip_address": "127.0.0.1", "request_type": "http_request"}}
{"timestamp": "2025-08-11T17:29:26.227714Z", "level": "DEBUG", "logger": "gst_api.requests", "message": "Request started: GET /favicon.ico", "module": "logging_config", "function": "before_request", "line": 531, "process_id": 54806, "thread_id": 123145389948928, "extra": {"taskName": null, "method": "GET", "path": "/favicon.ico", "remote_addr": "127.0.0.1", "user_agent": "Mozilla/5.0 (Macintosh; Intel Mac OS X 10_15_7) AppleWebKit/537.36 (KHTML, like Gecko) Chrome/138.0.0.0 Safari/537.36", "request_id": null}}
{"timestamp": "2025-08-11T17:29:26.228359Z", "level": "INFO", "logger": "gst_api", "message": "Request started: GET /favicon.ico", "module": "app", "function": "before_request", "line": 138, "process_id": 54806, "thread_id": 123145389948928, "extra": {"taskName": null, "request_id": "f78d024d-0f52-45c3-88e2-99b0dea51fd0", "method": "GET", "path": "/favicon.ico", "remote_addr": "127.0.0.1", "user_agent": "Mozilla/5.0 (Macintosh; Intel Mac OS X 10_15_7) AppleWebKit/537.36 (KHTML, like Gecko) Chrome/138.0.0.0 Safari/537.36"}}
{"timestamp": "2025-08-11T17:29:26.228786Z", "level": "WARNING", "logger": "gst_api", "message": "Not found: /favicon.ico", "module": "app", "function": "not_found", "line": 210, "process_id": 54806, "thread_id": 123145389948928, "extra": {"taskName": null, "request_id": "f78d024d-0f52-45c3-88e2-99b0dea51fd0"}}
{"timestamp": "2025-08-11T17:29:26.229187Z", "level": "INFO", "logger": "gst_api", "message": "Request completed: GET /favicon.ico - 404 - 0.001s", "module": "app", "function": "after_request", "line": 160, "process_id": 54806, "thread_id": 123145389948928, "extra": {"taskName": null, "request_id": "f78d024d-0f52-45c3-88e2-99b0dea51fd0", "method": "GET", "path": "/favicon.ico", "status_code": 404, "duration": 0.0008282661437988281, "response_size": 164}}
{"timestamp": "2025-08-11T17:29:26.229388Z", "level": "INFO", "logger": "gst_api.performance", "message": "Performance: GET /favicon.ico took 0.001s", "module": "logging_config", "function": "log_performance", "line": 445, "process_id": 54806, "thread_id": 123145389948928, "extra": {"taskName": null, "operation": "GET /favicon.ico", "duration": 0.0008282661437988281, "performance_metric": true, "status_code": 404, "request_id": "f78d024d-0f52-45c3-88e2-99b0dea51fd0"}}
{"timestamp": "2025-08-11T17:29:26.229896Z", "level": "INFO", "logger": "gst_api.access", "message": "GET /favicon.ico - 404 - 0.002s - IP: 127.0.0.1", "module": "logging_config", "function": "log_request", "line": 430, "process_id": 54806, "thread_id": 123145389948928, "extra": {"taskName": null, "method": "GET", "path": "/favicon.ico", "status_code": 404, "duration": 0.0015480518341064453, "user_id": null, "ip_address": "127.0.0.1", "request_type": "http_request"}}
{"timestamp": "2025-08-11T17:30:02.570988Z", "level": "DEBUG", "logger": "gst_api.requests", "message": "Request started: GET /", "module": "logging_config", "function": "before_request", "line": 531, "process_id": 54806, "thread_id": 123145406738432, "extra": {"taskName": null, "method": "GET", "path": "/", "remote_addr": "127.0.0.1", "user_agent": "Mozilla/5.0 (Macintosh; Intel Mac OS X 10_15_7) AppleWebKit/537.36 (KHTML, like Gecko) Chrome/138.0.0.0 Safari/537.36", "request_id": null}}
{"timestamp": "2025-08-11T17:30:02.574729Z", "level": "INFO", "logger": "gst_api", "message": "Request started: GET /", "module": "app", "function": "before_request", "line": 138, "process_id": 54806, "thread_id": 123145406738432, "extra": {"taskName": null, "request_id": "d7960163-3058-4d8e-9dcb-46aaadff071c", "method": "GET", "path": "/", "remote_addr": "127.0.0.1", "user_agent": "Mozilla/5.0 (Macintosh; Intel Mac OS X 10_15_7) AppleWebKit/537.36 (KHTML, like Gecko) Chrome/138.0.0.0 Safari/537.36"}}
{"timestamp": "2025-08-11T17:30:02.575285Z", "level": "WARNING", "logger": "gst_api", "message": "Not found: /", "module": "app", "function": "not_found", "line": 210, "process_id": 54806, "thread_id": 123145406738432, "extra": {"taskName": null, "request_id": "d7960163-3058-4d8e-9dcb-46aaadff071c"}}
{"timestamp": "2025-08-11T17:30:02.576841Z", "level": "INFO", "logger": "gst_api", "message": "Request completed: GET / - 404 - 0.002s", "module": "app", "function": "after_request", "line": 160, "process_id": 54806, "thread_id": 123145406738432, "extra": {"taskName": null, "request_id": "d7960163-3058-4d8e-9dcb-46aaadff071c", "method": "GET", "path": "/", "status_code": 404, "duration": 0.002079010009765625, "response_size": 164}}
{"timestamp": "2025-08-11T17:30:02.577195Z", "level": "INFO", "logger": "gst_api.performance", "message": "Performance: GET / took 0.002s", "module": "logging_config", "function": "log_performance", "line": 445, "process_id": 54806, "thread_id": 123145406738432, "extra": {"taskName": null, "operation": "GET /", "duration": 0.002079010009765625, "performance_metric": true, "status_code": 404, "request_id": "d7960163-3058-4d8e-9dcb-46aaadff071c"}}
{"timestamp": "2025-08-11T17:30:02.578421Z", "level": "INFO", "logger": "gst_api.access", "message": "GET / - 404 - 0.004s - IP: 127.0.0.1", "module": "logging_config", "function": "log_request", "line": 430, "process_id": 54806, "thread_id": 123145406738432, "extra": {"taskName": null, "method": "GET", "path": "/", "status_code": 404, "duration": 0.003713846206665039, "user_id": null, "ip_address": "127.0.0.1", "request_type": "http_request"}}
{"timestamp": "2025-08-11T17:31:32.448349Z", "level": "DEBUG", "logger": "gst_api.requests", "message": "Request started: GET /", "module": "logging_config", "function": "before_request", "line": 531, "process_id": 54806, "thread_id": 123145423527936, "extra": {"taskName": null, "method": "GET", "path": "/", "remote_addr": "127.0.0.1", "user_agent": "Mozilla/5.0 (Macintosh; Intel Mac OS X 10_15_7) AppleWebKit/537.36 (KHTML, like Gecko) Chrome/138.0.0.0 Safari/537.36", "request_id": null}}
{"timestamp": "2025-08-11T17:31:32.459242Z", "level": "INFO", "logger": "gst_api", "message": "Request started: GET /", "module": "app", "function": "before_request", "line": 138, "process_id": 54806, "thread_id": 123145423527936, "extra": {"taskName": null, "request_id": "e6b74d1b-aa8a-49ba-9501-e06502f4bb08", "method": "GET", "path": "/", "remote_addr": "127.0.0.1", "user_agent": "Mozilla/5.0 (Macintosh; Intel Mac OS X 10_15_7) AppleWebKit/537.36 (KHTML, like Gecko) Chrome/138.0.0.0 Safari/537.36"}}
{"timestamp": "2025-08-11T17:31:32.478596Z", "level": "WARNING", "logger": "gst_api", "message": "Not found: /", "module": "app", "function": "not_found", "line": 210, "process_id": 54806, "thread_id": 123145423527936, "extra": {"taskName": null, "request_id": "e6b74d1b-aa8a-49ba-9501-e06502f4bb08"}}
{"timestamp": "2025-08-11T17:31:32.480813Z", "level": "INFO", "logger": "gst_api", "message": "Request completed: GET / - 404 - 0.022s", "module": "app", "function": "after_request", "line": 160, "process_id": 54806, "thread_id": 123145423527936, "extra": {"taskName": null, "request_id": "e6b74d1b-aa8a-49ba-9501-e06502f4bb08", "method": "GET", "path": "/", "status_code": 404, "duration": 0.02207207679748535, "response_size": 164}}
{"timestamp": "2025-08-11T17:31:32.481251Z", "level": "INFO", "logger": "gst_api.performance", "message": "Performance: GET / took 0.022s", "module": "logging_config", "function": "log_performance", "line": 445, "process_id": 54806, "thread_id": 123145423527936, "extra": {"taskName": null, "operation": "GET /", "duration": 0.02207207679748535, "performance_metric": true, "status_code": 404, "request_id": "e6b74d1b-aa8a-49ba-9501-e06502f4bb08"}}
{"timestamp": "2025-08-11T17:31:32.482138Z", "level": "INFO", "logger": "gst_api.access", "message": "GET / - 404 - 0.023s - IP: 127.0.0.1", "module": "logging_config", "function": "log_request", "line": 430, "process_id": 54806, "thread_id": 123145423527936, "extra": {"taskName": null, "method": "GET", "path": "/", "status_code": 404, "duration": 0.0234832763671875, "user_id": null, "ip_address": "127.0.0.1", "request_type": "http_request"}}
{"timestamp": "2025-08-11T17:31:35.238811Z", "level": "DEBUG", "logger": "gst_api.requests", "message": "Request started: GET /", "module": "logging_config", "function": "before_request", "line": 530, "process_id": 50105, "thread_id": 123145669857280, "extra": {"taskName": null, "method": "GET", "path": "/", "remote_addr": "127.0.0.1", "user_agent": "Mozilla/5.0 (Macintosh; Intel Mac OS X 10_15_7) AppleWebKit/537.36 (KHTML, like Gecko) Chrome/138.0.0.0 Safari/537.36", "request_id": null}}
{"timestamp": "2025-08-11T17:31:35.240426Z", "level": "INFO", "logger": "gst_api", "message": "Request started: GET /", "module": "app", "function": "before_request", "line": 138, "process_id": 50105, "thread_id": 123145669857280, "extra": {"taskName": null, "request_id": "b60d44bf-0218-4b5f-a56b-189d5e7fcc38", "method": "GET", "path": "/", "remote_addr": "127.0.0.1", "user_agent": "Mozilla/5.0 (Macintosh; Intel Mac OS X 10_15_7) AppleWebKit/537.36 (KHTML, like Gecko) Chrome/138.0.0.0 Safari/537.36"}}
{"timestamp": "2025-08-11T17:31:35.240795Z", "level": "WARNING", "logger": "gst_api", "message": "Not found: /", "module": "app", "function": "not_found", "line": 210, "process_id": 50105, "thread_id": 123145669857280, "extra": {"taskName": null, "request_id": "b60d44bf-0218-4b5f-a56b-189d5e7fcc38"}}
{"timestamp": "2025-08-11T17:31:35.243400Z", "level": "INFO", "logger": "gst_api", "message": "Request completed: GET / - 404 - 0.003s", "module": "app", "function": "after_request", "line": 160, "process_id": 50105, "thread_id": 123145669857280, "extra": {"taskName": null, "request_id": "b60d44bf-0218-4b5f-a56b-189d5e7fcc38", "method": "GET", "path": "/", "status_code": 404, "duration": 0.002955913543701172, "response_size": 164}}
{"timestamp": "2025-08-11T17:31:35.243707Z", "level": "INFO", "logger": "gst_api.performance", "message": "Performance: GET / took 0.003s", "module": "logging_config", "function": "log_performance", "line": 445, "process_id": 50105, "thread_id": 123145669857280, "extra": {"taskName": null, "operation": "GET /", "duration": 0.002955913543701172, "performance_metric": true, "status_code": 404, "request_id": "b60d44bf-0218-4b5f-a56b-189d5e7fcc38"}}
{"timestamp": "2025-08-11T17:31:35.244110Z", "level": "ERROR", "logger": "app", "message": "Exception on / [GET]", "module": "app", "function": "log_exception", "line": 1414, "process_id": 50105, "thread_id": 123145669857280, "exception": "Traceback (most recent call last):\n  File \"/Users/user/Documents/Development/open-source-tools/GST-Verification-API/venv/lib/python3.13/site-packages/flask/app.py\", line 2190, in wsgi_app\n    response = self.full_dispatch_request()\n  File \"/Users/user/Documents/Development/open-source-tools/GST-Verification-API/venv/lib/python3.13/site-packages/flask/app.py\", line 1487, in full_dispatch_request\n    return self.finalize_request(rv)\n           ~~~~~~~~~~~~~~~~~~~~~^^^^\n  File \"/Users/user/Documents/Development/open-source-tools/GST-Verification-API/venv/lib/python3.13/site-packages/flask/app.py\", line 1508, in finalize_request\n    response = self.process_response(response)\n  File \"/Users/user/Documents/Development/open-source-tools/GST-Verification-API/venv/lib/python3.13/site-packages/flask/app.py\", line 2002, in process_response\n    response = self.ensure_sync(func)(response)\n  File \"/Users/user/Documents/Development/open-source-tools/GST-Verification-API/logging_config.py\", line 546, in after_request\nTypeError: unsupported operand type(s) for -: 'datetime.datetime' and 'float'", "extra": {"taskName": null}}
{"timestamp": "2025-08-11T17:31:35.248517Z", "level": "ERROR", "logger": "gst_api", "message": "Internal server error: 500 Internal Server Error: The server encountered an internal error and was unable to complete your request. Either the server is overloaded or there is an error in the application.", "module": "app", "function": "internal_error", "line": 254, "process_id": 50105, "thread_id": 123145669857280, "exception": "Traceback (most recent call last):\n  File \"/Users/user/Documents/Development/open-source-tools/GST-Verification-API/venv/lib/python3.13/site-packages/flask/app.py\", line 2190, in wsgi_app\n    response = self.full_dispatch_request()\n  File \"/Users/user/Documents/Development/open-source-tools/GST-Verification-API/venv/lib/python3.13/site-packages/flask/app.py\", line 1487, in full_dispatch_request\n    return self.finalize_request(rv)\n           ~~~~~~~~~~~~~~~~~~~~~^^^^\n  File \"/Users/user/Documents/Development/open-source-tools/GST-Verification-API/venv/lib/python3.13/site-packages/flask/app.py\", line 1508, in finalize_request\n    response = self.process_response(response)\n  File \"/Users/user/Documents/Development/open-source-tools/GST-Verification-API/venv/lib/python3.13/site-packages/flask/app.py\", line 2002, in process_response\n    response = self.ensure_sync(func)(response)\n  File \"/Users/user/Documents/Development/open-source-tools/GST-Verification-API/logging_config.py\", line 546, in after_request\nTypeError: unsupported operand type(s) for -: 'datetime.datetime' and 'float'", "extra": {"taskName": null, "request_id": "b60d44bf-0218-4b5f-a56b-189d5e7fcc38"}}
{"timestamp": "2025-08-11T17:31:35.252507Z", "level": "INFO", "logger": "gst_api", "message": "Request completed: GET / - 500 - 0.012s", "module": "app", "function": "after_request", "line": 160, "process_id": 50105, "thread_id": 123145669857280, "extra": {"taskName": null, "request_id": "b60d44bf-0218-4b5f-a56b-189d5e7fcc38", "method": "GET", "path": "/", "status_code": 500, "duration": 0.012121915817260742, "response_size": 198}}
{"timestamp": "2025-08-11T17:31:35.252681Z", "level": "INFO", "logger": "gst_api.performance", "message": "Performance: GET / took 0.012s", "module": "logging_config", "function": "log_performance", "line": 445, "process_id": 50105, "thread_id": 123145669857280, "extra": {"taskName": null, "operation": "GET /", "duration": 0.012121915817260742, "performance_metric": true, "status_code": 500, "request_id": "b60d44bf-0218-4b5f-a56b-189d5e7fcc38"}}
{"timestamp": "2025-08-11T17:31:35.252971Z", "level": "ERROR", "logger": "app", "message": "Request finalizing failed with an error while handling an error", "module": "app", "function": "finalize_request", "line": 1515, "process_id": 50105, "thread_id": 123145669857280, "exception": "Traceback (most recent call last):\n  File \"/Users/user/Documents/Development/open-source-tools/GST-Verification-API/venv/lib/python3.13/site-packages/flask/app.py\", line 2190, in wsgi_app\n    response = self.full_dispatch_request()\n  File \"/Users/user/Documents/Development/open-source-tools/GST-Verification-API/venv/lib/python3.13/site-packages/flask/app.py\", line 1487, in full_dispatch_request\n    return self.finalize_request(rv)\n           ~~~~~~~~~~~~~~~~~~~~~^^^^\n  File \"/Users/user/Documents/Development/open-source-tools/GST-Verification-API/venv/lib/python3.13/site-packages/flask/app.py\", line 1508, in finalize_request\n    response = self.process_response(response)\n  File \"/Users/user/Documents/Development/open-source-tools/GST-Verification-API/venv/lib/python3.13/site-packages/flask/app.py\", line 2002, in process_response\n    response = self.ensure_sync(func)(response)\n  File \"/Users/user/Documents/Development/open-source-tools/GST-Verification-API/logging_config.py\", line 546, in after_request\nTypeError: unsupported operand type(s) for -: 'datetime.datetime' and 'float'\n\nDuring handling of the above exception, another exception occurred:\n\nTraceback (most recent call last):\n  File \"/Users/user/Documents/Development/open-source-tools/GST-Verification-API/venv/lib/python3.13/site-packages/flask/app.py\", line 1508, in finalize_request\n    response = self.process_response(response)\n  File \"/Users/user/Documents/Development/open-source-tools/GST-Verification-API/venv/lib/python3.13/site-packages/flask/app.py\", line 2002, in process_response\n    response = self.ensure_sync(func)(response)\n  File \"/Users/user/Documents/Development/open-source-tools/GST-Verification-API/logging_config.py\", line 546, in after_request\nTypeError: unsupported operand type(s) for -: 'datetime.datetime' and 'float'", "extra": {"taskName": null}}
{"timestamp": "2025-08-11T17:31:35.256947Z", "level": "ERROR", "logger": "gst_api.errors", "message": "Request failed with exception: unsupported operand type(s) for -: 'datetime.datetime' and 'float'", "module": "logging_config", "function": "teardown_request", "line": 563, "process_id": 50105, "thread_id": 123145669857280, "exception": "NoneType: None", "extra": {"taskName": null, "exception_type": "TypeError", "request_path": "/", "request_method": "GET"}}
{"timestamp": "2025-08-11T17:31:40.830025Z", "level": "INFO", "logger": "gst_api", "message": "GST Verification API initialized in unknown mode", "module": "app", "function": "create_app", "line": 124, "process_id": 57221, "thread_id": 140704568208320, "extra": {"taskName": null}}
{"timestamp": "2025-08-11T17:31:40.830728Z", "level": "INFO", "logger": "gst_api", "message": "Session cleanup thread started", "module": "app", "function": "cleanup_expired_sessions", "line": 988, "process_id": 57221, "thread_id": 140704568208320, "extra": {"taskName": null}}
{"timestamp": "2025-08-11T17:31:40.830866Z", "level": "INFO", "logger": "gst_api", "message": "GST Verification API initialized successfully", "module": "app", "function": "create_app_instance", "line": 1037, "process_id": 57221, "thread_id": 140704568208320, "extra": {"taskName": null}}
{"timestamp": "2025-08-11T17:31:52.407262Z", "level": "INFO", "logger": "gst_api", "message": "GST Verification API initialized in unknown mode", "module": "app", "function": "create_app", "line": 124, "process_id": 58287, "thread_id": 140704568208320, "extra": {"taskName": null}}
{"timestamp": "2025-08-11T17:31:52.407919Z", "level": "INFO", "logger": "gst_api", "message": "Session cleanup thread started", "module": "app", "function": "cleanup_expired_sessions", "line": 988, "process_id": 58287, "thread_id": 140704568208320, "extra": {"taskName": null}}
{"timestamp": "2025-08-11T17:31:52.408066Z", "level": "INFO", "logger": "gst_api", "message": "GST Verification API initialized successfully", "module": "app", "function": "create_app_instance", "line": 1037, "process_id": 58287, "thread_id": 140704568208320, "extra": {"taskName": null}}
{"timestamp": "2025-08-11T17:32:26.537932Z", "level": "DEBUG", "logger": "gst_api.requests", "message": "Request started: GET /", "module": "logging_config", "function": "before_request", "line": 531, "process_id": 58287, "thread_id": 123145535557632, "extra": {"taskName": null, "method": "GET", "path": "/", "remote_addr": "127.0.0.1", "user_agent": "Mozilla/5.0 (Macintosh; Intel Mac OS X 10_15_7) AppleWebKit/537.36 (KHTML, like Gecko) Chrome/138.0.0.0 Safari/537.36", "request_id": null}}
{"timestamp": "2025-08-11T17:32:26.540938Z", "level": "INFO", "logger": "gst_api", "message": "Request started: GET /", "module": "app", "function": "before_request", "line": 138, "process_id": 58287, "thread_id": 123145535557632, "extra": {"taskName": null, "request_id": "5a382fd3-df16-49b6-bd57-0a6c7111bcfe", "method": "GET", "path": "/", "remote_addr": "127.0.0.1", "user_agent": "Mozilla/5.0 (Macintosh; Intel Mac OS X 10_15_7) AppleWebKit/537.36 (KHTML, like Gecko) Chrome/138.0.0.0 Safari/537.36"}}
{"timestamp": "2025-08-11T17:32:26.541882Z", "level": "INFO", "logger": "gst_api", "message": "Request completed: GET / - 200 - 0.001s", "module": "app", "function": "after_request", "line": 160, "process_id": 58287, "thread_id": 123145535557632, "extra": {"taskName": null, "request_id": "5a382fd3-df16-49b6-bd57-0a6c7111bcfe", "method": "GET", "path": "/", "status_code": 200, "duration": 0.0010449886322021484, "response_size": 500}}
{"timestamp": "2025-08-11T17:32:26.542104Z", "level": "INFO", "logger": "gst_api.performance", "message": "Performance: GET / took 0.001s", "module": "logging_config", "function": "log_performance", "line": 445, "process_id": 58287, "thread_id": 123145535557632, "extra": {"taskName": null, "operation": "GET /", "duration": 0.0010449886322021484, "performance_metric": true, "status_code": 200, "request_id": "5a382fd3-df16-49b6-bd57-0a6c7111bcfe"}}
{"timestamp": "2025-08-11T17:32:26.547114Z", "level": "INFO", "logger": "gst_api.access", "message": "GET / - 200 - 0.006s - IP: 127.0.0.1", "module": "logging_config", "function": "log_request", "line": 430, "process_id": 58287, "thread_id": 123145535557632, "extra": {"taskName": null, "method": "GET", "path": "/", "status_code": 200, "duration": 0.0062601566314697266, "user_id": null, "ip_address": "127.0.0.1", "request_type": "http_request"}}
{"timestamp": "2025-08-11T17:32:27.097537Z", "level": "DEBUG", "logger": "gst_api.requests", "message": "Request started: GET /favicon.ico", "module": "logging_config", "function": "before_request", "line": 531, "process_id": 58287, "thread_id": 123145535557632, "extra": {"taskName": null, "method": "GET", "path": "/favicon.ico", "remote_addr": "127.0.0.1", "user_agent": "Mozilla/5.0 (Macintosh; Intel Mac OS X 10_15_7) AppleWebKit/537.36 (KHTML, like Gecko) Chrome/138.0.0.0 Safari/537.36", "request_id": null}}
{"timestamp": "2025-08-11T17:32:27.104281Z", "level": "INFO", "logger": "gst_api", "message": "Request started: GET /favicon.ico", "module": "app", "function": "before_request", "line": 138, "process_id": 58287, "thread_id": 123145535557632, "extra": {"taskName": null, "request_id": "260f95af-74be-4e5c-bcf0-4188802488e3", "method": "GET", "path": "/favicon.ico", "remote_addr": "127.0.0.1", "user_agent": "Mozilla/5.0 (Macintosh; Intel Mac OS X 10_15_7) AppleWebKit/537.36 (KHTML, like Gecko) Chrome/138.0.0.0 Safari/537.36"}}
{"timestamp": "2025-08-11T17:32:27.104814Z", "level": "WARNING", "logger": "gst_api", "message": "Not found: /favicon.ico", "module": "app", "function": "not_found", "line": 210, "process_id": 58287, "thread_id": 123145535557632, "extra": {"taskName": null, "request_id": "260f95af-74be-4e5c-bcf0-4188802488e3"}}
{"timestamp": "2025-08-11T17:32:27.105401Z", "level": "INFO", "logger": "gst_api", "message": "Request completed: GET /favicon.ico - 404 - 0.001s", "module": "app", "function": "after_request", "line": 160, "process_id": 58287, "thread_id": 123145535557632, "extra": {"taskName": null, "request_id": "260f95af-74be-4e5c-bcf0-4188802488e3", "method": "GET", "path": "/favicon.ico", "status_code": 404, "duration": 0.0011320114135742188, "response_size": 164}}
{"timestamp": "2025-08-11T17:32:27.105587Z", "level": "INFO", "logger": "gst_api.performance", "message": "Performance: GET /favicon.ico took 0.001s", "module": "logging_config", "function": "log_performance", "line": 445, "process_id": 58287, "thread_id": 123145535557632, "extra": {"taskName": null, "operation": "GET /favicon.ico", "duration": 0.0011320114135742188, "performance_metric": true, "status_code": 404, "request_id": "260f95af-74be-4e5c-bcf0-4188802488e3"}}
{"timestamp": "2025-08-11T17:32:27.106319Z", "level": "INFO", "logger": "gst_api.access", "message": "GET /favicon.ico - 404 - 0.002s - IP: 127.0.0.1", "module": "logging_config", "function": "log_request", "line": 430, "process_id": 58287, "thread_id": 123145535557632, "extra": {"taskName": null, "method": "GET", "path": "/favicon.ico", "status_code": 404, "duration": 0.002051115036010742, "user_id": null, "ip_address": "127.0.0.1", "request_type": "http_request"}}
{"timestamp": "2025-08-11T17:32:38.318332Z", "level": "DEBUG", "logger": "gst_api.requests", "message": "Request started: GET /api/v1/docs", "module": "logging_config", "function": "before_request", "line": 531, "process_id": 58287, "thread_id": 123145552347136, "extra": {"taskName": null, "method": "GET", "path": "/api/v1/docs", "remote_addr": "127.0.0.1", "user_agent": "Mozilla/5.0 (Macintosh; Intel Mac OS X 10_15_7) AppleWebKit/537.36 (KHTML, like Gecko) Chrome/138.0.0.0 Safari/537.36", "request_id": null}}
{"timestamp": "2025-08-11T17:32:38.319087Z", "level": "INFO", "logger": "gst_api", "message": "Request started: GET /api/v1/docs", "module": "app", "function": "before_request", "line": 138, "process_id": 58287, "thread_id": 123145552347136, "extra": {"taskName": null, "request_id": "1c8545f1-b705-41fa-8b7d-05062a3519d5", "method": "GET", "path": "/api/v1/docs", "remote_addr": "127.0.0.1", "user_agent": "Mozilla/5.0 (Macintosh; Intel Mac OS X 10_15_7) AppleWebKit/537.36 (KHTML, like Gecko) Chrome/138.0.0.0 Safari/537.36"}}
{"timestamp": "2025-08-11T17:32:38.319359Z", "level": "WARNING", "logger": "gst_api", "message": "Not found: /api/v1/docs", "module": "app", "function": "not_found", "line": 210, "process_id": 58287, "thread_id": 123145552347136, "extra": {"taskName": null, "request_id": "1c8545f1-b705-41fa-8b7d-05062a3519d5"}}
{"timestamp": "2025-08-11T17:32:38.319716Z", "level": "INFO", "logger": "gst_api", "message": "Request completed: GET /api/v1/docs - 404 - 0.001s", "module": "app", "function": "after_request", "line": 160, "process_id": 58287, "thread_id": 123145552347136, "extra": {"taskName": null, "request_id": "1c8545f1-b705-41fa-8b7d-05062a3519d5", "method": "GET", "path": "/api/v1/docs", "status_code": 404, "duration": 0.0006277561187744141, "response_size": 164}}
{"timestamp": "2025-08-11T17:32:38.319933Z", "level": "INFO", "logger": "gst_api.performance", "message": "Performance: GET /api/v1/docs took 0.001s", "module": "logging_config", "function": "log_performance", "line": 445, "process_id": 58287, "thread_id": 123145552347136, "extra": {"taskName": null, "operation": "GET /api/v1/docs", "duration": 0.0006277561187744141, "performance_metric": true, "status_code": 404, "request_id": "1c8545f1-b705-41fa-8b7d-05062a3519d5"}}
{"timestamp": "2025-08-11T17:32:38.320646Z", "level": "INFO", "logger": "gst_api.access", "message": "GET /api/v1/docs - 404 - 0.002s - IP: 127.0.0.1", "module": "logging_config", "function": "log_request", "line": 430, "process_id": 58287, "thread_id": 123145552347136, "extra": {"taskName": null, "method": "GET", "path": "/api/v1/docs", "status_code": 404, "duration": 0.0015459060668945312, "user_id": null, "ip_address": "127.0.0.1", "request_type": "http_request"}}
{"timestamp": "2025-08-11T17:32:43.034073Z", "level": "DEBUG", "logger": "gst_api.requests", "message": "Request started: GET /api/v1/docs - API documentation", "module": "logging_config", "function": "before_request", "line": 531, "process_id": 58287, "thread_id": 123145569136640, "extra": {"taskName": null, "method": "GET", "path": "/api/v1/docs - API documentation", "remote_addr": "127.0.0.1", "user_agent": "Mozilla/5.0 (Macintosh; Intel Mac OS X 10_15_7) AppleWebKit/537.36 (KHTML, like Gecko) Chrome/138.0.0.0 Safari/537.36", "request_id": null}}
{"timestamp": "2025-08-11T17:32:43.035570Z", "level": "INFO", "logger": "gst_api", "message": "Request started: GET /api/v1/docs - API documentation", "module": "app", "function": "before_request", "line": 138, "process_id": 58287, "thread_id": 123145569136640, "extra": {"taskName": null, "request_id": "35da67c5-512b-47f3-9601-f8fe3dfae1b9", "method": "GET", "path": "/api/v1/docs - API documentation", "remote_addr": "127.0.0.1", "user_agent": "Mozilla/5.0 (Macintosh; Intel Mac OS X 10_15_7) AppleWebKit/537.36 (KHTML, like Gecko) Chrome/138.0.0.0 Safari/537.36"}}
{"timestamp": "2025-08-11T17:32:43.035855Z", "level": "WARNING", "logger": "gst_api", "message": "Not found: /api/v1/docs - API documentation", "module": "app", "function": "not_found", "line": 210, "process_id": 58287, "thread_id": 123145569136640, "extra": {"taskName": null, "request_id": "35da67c5-512b-47f3-9601-f8fe3dfae1b9"}}
{"timestamp": "2025-08-11T17:32:43.036209Z", "level": "INFO", "logger": "gst_api", "message": "Request completed: GET /api/v1/docs - API documentation - 404 - 0.001s", "module": "app", "function": "after_request", "line": 160, "process_id": 58287, "thread_id": 123145569136640, "extra": {"taskName": null, "request_id": "35da67c5-512b-47f3-9601-f8fe3dfae1b9", "method": "GET", "path": "/api/v1/docs - API documentation", "status_code": 404, "duration": 0.0006582736968994141, "response_size": 164}}
{"timestamp": "2025-08-11T17:32:43.041640Z", "level": "INFO", "logger": "gst_api.performance", "message": "Performance: GET /api/v1/docs - API documentation took 0.001s", "module": "logging_config", "function": "log_performance", "line": 445, "process_id": 58287, "thread_id": 123145569136640, "extra": {"taskName": null, "operation": "GET /api/v1/docs - API documentation", "duration": 0.0006582736968994141, "performance_metric": true, "status_code": 404, "request_id": "35da67c5-512b-47f3-9601-f8fe3dfae1b9"}}
{"timestamp": "2025-08-11T17:32:43.042345Z", "level": "INFO", "logger": "gst_api.access", "message": "GET /api/v1/docs - API documentation - 404 - 0.007s - IP: 127.0.0.1", "module": "logging_config", "function": "log_request", "line": 430, "process_id": 58287, "thread_id": 123145569136640, "extra": {"taskName": null, "method": "GET", "path": "/api/v1/docs - API documentation", "status_code": 404, "duration": 0.006778240203857422, "user_id": null, "ip_address": "127.0.0.1", "request_type": "http_request"}}
{"timestamp": "2025-08-11T17:32:56.863096Z", "level": "DEBUG", "logger": "gst_api.requests", "message": "Request started: GET /gst-details", "module": "logging_config", "function": "before_request", "line": 531, "process_id": 58287, "thread_id": 123145585926144, "extra": {"taskName": null, "method": "GET", "path": "/gst-details", "remote_addr": "127.0.0.1", "user_agent": "Mozilla/5.0 (Macintosh; Intel Mac OS X 10_15_7) AppleWebKit/537.36 (KHTML, like Gecko) Chrome/138.0.0.0 Safari/537.36", "request_id": null}}
{"timestamp": "2025-08-11T17:32:56.863802Z", "level": "INFO", "logger": "gst_api", "message": "Request started: GET /gst-details", "module": "app", "function": "before_request", "line": 138, "process_id": 58287, "thread_id": 123145585926144, "extra": {"taskName": null, "request_id": "877a5c65-3336-4622-a5ee-f24048dc24d5", "method": "GET", "path": "/gst-details", "remote_addr": "127.0.0.1", "user_agent": "Mozilla/5.0 (Macintosh; Intel Mac OS X 10_15_7) AppleWebKit/537.36 (KHTML, like Gecko) Chrome/138.0.0.0 Safari/537.36"}}
{"timestamp": "2025-08-11T17:32:56.864110Z", "level": "WARNING", "logger": "gst_api", "message": "Method not allowed: GET /gst-details", "module": "app", "function": "method_not_allowed", "line": 222, "process_id": 58287, "thread_id": 123145585926144, "extra": {"taskName": null, "request_id": "877a5c65-3336-4622-a5ee-f24048dc24d5"}}
{"timestamp": "2025-08-11T17:32:56.864592Z", "level": "INFO", "logger": "gst_api", "message": "Request completed: GET /gst-details - 405 - 0.001s", "module": "app", "function": "after_request", "line": 160, "process_id": 58287, "thread_id": 123145585926144, "extra": {"taskName": null, "request_id": "877a5c65-3336-4622-a5ee-f24048dc24d5", "method": "GET", "path": "/gst-details", "status_code": 405, "duration": 0.0007951259613037109, "response_size": 193}}
{"timestamp": "2025-08-11T17:32:56.864832Z", "level": "INFO", "logger": "gst_api.performance", "message": "Performance: GET /gst-details took 0.001s", "module": "logging_config", "function": "log_performance", "line": 445, "process_id": 58287, "thread_id": 123145585926144, "extra": {"taskName": null, "operation": "GET /gst-details", "duration": 0.0007951259613037109, "performance_metric": true, "status_code": 405, "request_id": "877a5c65-3336-4622-a5ee-f24048dc24d5"}}
{"timestamp": "2025-08-11T17:32:56.865399Z", "level": "INFO", "logger": "gst_api.access", "message": "GET /gst-details - 405 - 0.002s - IP: 127.0.0.1", "module": "logging_config", "function": "log_request", "line": 430, "process_id": 58287, "thread_id": 123145585926144, "extra": {"taskName": null, "method": "GET", "path": "/gst-details", "status_code": 405, "duration": 0.0016050338745117188, "user_id": null, "ip_address": "127.0.0.1", "request_type": "http_request"}}
{"timestamp": "2025-08-11T17:33:05.196192Z", "level": "DEBUG", "logger": "gst_api.requests", "message": "Request started: GET /captcha", "module": "logging_config", "function": "before_request", "line": 531, "process_id": 58287, "thread_id": 123145535557632, "extra": {"taskName": null, "method": "GET", "path": "/captcha", "remote_addr": "127.0.0.1", "user_agent": "Mozilla/5.0 (Macintosh; Intel Mac OS X 10_15_7) AppleWebKit/537.36 (KHTML, like Gecko) Chrome/138.0.0.0 Safari/537.36", "request_id": null}}
{"timestamp": "2025-08-11T17:33:05.197019Z", "level": "INFO", "logger": "gst_api", "message": "Request started: GET /captcha", "module": "app", "function": "before_request", "line": 138, "process_id": 58287, "thread_id": 123145535557632, "extra": {"taskName": null, "request_id": "fe880bcf-6d18-4075-b8de-b500efc42253", "method": "GET", "path": "/captcha", "remote_addr": "127.0.0.1", "user_agent": "Mozilla/5.0 (Macintosh; Intel Mac OS X 10_15_7) AppleWebKit/537.36 (KHTML, like Gecko) Chrome/138.0.0.0 Safari/537.36"}}
{"timestamp": "2025-08-11T17:33:05.198600Z", "level": "INFO", "logger": "gst_api", "message": "New session created: e622e8f6-8d9f-4fda-ba09-c99b96d730cc", "module": "app", "function": "create_session", "line": 392, "process_id": 58287, "thread_id": 123145535557632, "extra": {"taskName": null}}
{"timestamp": "2025-08-11T17:33:05.499865Z", "level": "INFO", "logger": "gst_api", "message": "Captcha retrieved successfully for session: e622e8f6-8d9f-4fda-ba09-c99b96d730cc", "module": "app", "function": "get_captcha", "line": 631, "process_id": 58287, "thread_id": 123145535557632, "extra": {"taskName": null}}
{"timestamp": "2025-08-11T17:33:05.500077Z", "level": "INFO", "logger": "gst_api.audit", "message": "Audit: captcha_retrieved by user {session_id=[REDACTED], 'captcha_size': 4649, 'content_type': 'image/png'} - success", "module": "logging_config", "function": "log_audit", "line": 469, "process_id": 58287, "thread_id": 123145535557632, "extra": {"taskName": null, "action": "captcha_retrieved", "user_id": {"session_id": "e622e8f6-8d9f-4fda-ba09-c99b96d730cc", "captcha_size": 4649, "content_type": "image/png"}, "resource": null, "result": "success", "audit": true}}
{"timestamp": "2025-08-11T17:33:05.501471Z", "level": "INFO", "logger": "gst_api", "message": "Request completed: GET /captcha - 200 - 0.304s", "module": "app", "function": "after_request", "line": 160, "process_id": 58287, "thread_id": 123145535557632, "extra": {"taskName": null, "request_id": "fe880bcf-6d18-4075-b8de-b500efc42253", "method": "GET", "path": "/captcha", "status_code": 200, "duration": 0.3044552803039551, "response_size": 6355}}
{"timestamp": "2025-08-11T17:33:05.501604Z", "level": "INFO", "logger": "gst_api.performance", "message": "Performance: GET /captcha took 0.304s", "module": "logging_config", "function": "log_performance", "line": 445, "process_id": 58287, "thread_id": 123145535557632, "extra": {"taskName": null, "operation": "GET /captcha", "duration": 0.3044552803039551, "performance_metric": true, "status_code": 200, "request_id": "fe880bcf-6d18-4075-b8de-b500efc42253"}}
{"timestamp": "2025-08-11T17:33:05.502279Z", "level": "INFO", "logger": "gst_api.access", "message": "GET /captcha - 200 - 0.305s - IP: 127.0.0.1", "module": "logging_config", "function": "log_request", "line": 430, "process_id": 58287, "thread_id": 123145535557632, "extra": {"taskName": null, "method": "GET", "path": "/captcha", "status_code": 200, "duration": 0.305267333984375, "user_id": null, "ip_address": "127.0.0.1", "request_type": "http_request"}}
{"timestamp": "2025-08-11T17:33:18.660665Z", "level": "DEBUG", "logger": "gst_api.requests", "message": "Request started: GET /health", "module": "logging_config", "function": "before_request", "line": 531, "process_id": 58287, "thread_id": 123145535557632, "extra": {"taskName": null, "method": "GET", "path": "/health", "remote_addr": "127.0.0.1", "user_agent": "Mozilla/5.0 (Macintosh; Intel Mac OS X 10_15_7) AppleWebKit/537.36 (KHTML, like Gecko) Chrome/138.0.0.0 Safari/537.36", "request_id": null}}
{"timestamp": "2025-08-11T17:33:18.662093Z", "level": "INFO", "logger": "gst_api", "message": "Request started: GET /health", "module": "app", "function": "before_request", "line": 138, "process_id": 58287, "thread_id": 123145535557632, "extra": {"taskName": null, "request_id": "fd61f335-f1bb-437d-a120-d150a3dea757", "method": "GET", "path": "/health", "remote_addr": "127.0.0.1", "user_agent": "Mozilla/5.0 (Macintosh; Intel Mac OS X 10_15_7) AppleWebKit/537.36 (KHTML, like Gecko) Chrome/138.0.0.0 Safari/537.36"}}
{"timestamp": "2025-08-11T17:33:18.662314Z", "level": "ERROR", "logger": "gst_api", "message": "Health check failed: 'HealthChecker' object has no attribute 'check_health'", "module": "app", "function": "health_check", "line": 560, "process_id": 58287, "thread_id": 123145535557632, "extra": {"taskName": null}}
{"timestamp": "2025-08-11T17:33:18.663019Z", "level": "INFO", "logger": "gst_api", "message": "Request completed: GET /health - 503 - 0.001s", "module": "app", "function": "after_request", "line": 160, "process_id": 58287, "thread_id": 123145535557632, "extra": {"taskName": null, "request_id": "fd61f335-f1bb-437d-a120-d150a3dea757", "method": "GET", "path": "/health", "status_code": 503, "duration": 0.0009260177612304688, "response_size": 129}}
{"timestamp": "2025-08-11T17:33:18.663285Z", "level": "INFO", "logger": "gst_api.performance", "message": "Performance: GET /health took 0.001s", "module": "logging_config", "function": "log_performance", "line": 445, "process_id": 58287, "thread_id": 123145535557632, "extra": {"taskName": null, "operation": "GET /health", "duration": 0.0009260177612304688, "performance_metric": true, "status_code": 503, "request_id": "fd61f335-f1bb-437d-a120-d150a3dea757"}}
{"timestamp": "2025-08-11T17:33:18.663968Z", "level": "INFO", "logger": "gst_api.access", "message": "GET /health - 503 - 0.002s - IP: 127.0.0.1", "module": "logging_config", "function": "log_request", "line": 430, "process_id": 58287, "thread_id": 123145535557632, "extra": {"taskName": null, "method": "GET", "path": "/health", "status_code": 503, "duration": 0.0018589496612548828, "user_id": null, "ip_address": "127.0.0.1", "request_type": "http_request"}}
{"timestamp": "2025-08-11T17:33:40.055782Z", "level": "INFO", "logger": "gst_api", "message": "Received signal 2, shutting down gracefully...", "module": "app", "function": "signal_handler", "line": 978, "process_id": 50105, "thread_id": 140704568208320, "extra": {"taskName": null}}
{"timestamp": "2025-08-11T17:33:40.090374Z", "level": "INFO", "logger": "gst_api", "message": "Graceful shutdown completed", "module": "app", "function": "signal_handler", "line": 998, "process_id": 50105, "thread_id": 140704568208320, "extra": {"taskName": null}}
{"timestamp": "2025-08-11T17:34:14.543856Z", "level": "INFO", "logger": "gst_api", "message": "Received signal 2, shutting down gracefully...", "module": "app", "function": "signal_handler", "line": 997, "process_id": 58287, "thread_id": 140704568208320, "extra": {"taskName": null}}
{"timestamp": "2025-08-11T17:34:14.553682Z", "level": "INFO", "logger": "gst_api", "message": "Graceful shutdown completed", "module": "app", "function": "signal_handler", "line": 1017, "process_id": 58287, "thread_id": 140704568208320, "extra": {"taskName": null}}
{"timestamp": "2025-08-11T17:34:35.877703Z", "level": "INFO", "logger": "gst_api", "message": "GST Verification API initialized in unknown mode", "module": "app", "function": "create_app", "line": 124, "process_id": 61023, "thread_id": 140704568208320, "extra": {"taskName": null}}
{"timestamp": "2025-08-11T17:34:35.878363Z", "level": "INFO", "logger": "gst_api", "message": "Session cleanup thread started", "module": "app", "function": "cleanup_expired_sessions", "line": 988, "process_id": 61023, "thread_id": 140704568208320, "extra": {"taskName": null}}
{"timestamp": "2025-08-11T17:34:35.878500Z", "level": "INFO", "logger": "gst_api", "message": "GST Verification API initialized successfully", "module": "app", "function": "create_app_instance", "line": 1037, "process_id": 61023, "thread_id": 140704568208320, "extra": {"taskName": null}}
{"timestamp": "2025-08-11T17:34:35.878609Z", "level": "INFO", "logger": "gst_api", "message": "Starting GST Verification API on port 5000 (debug=False)", "module": "app", "function": "<module>", "line": 1055, "process_id": 61023, "thread_id": 140704568208320, "extra": {"taskName": null}}
{"timestamp": "2025-08-11T17:36:19.991109Z", "level": "INFO", "logger": "gst_api", "message": "GST Verification API initialized in unknown mode", "module": "app", "function": "create_app", "line": 124, "process_id": 62578, "thread_id": 140704568208320, "extra": {"taskName": null}}
{"timestamp": "2025-08-11T17:36:19.992031Z", "level": "INFO", "logger": "gst_api", "message": "Session cleanup thread started", "module": "app", "function": "cleanup_expired_sessions", "line": 988, "process_id": 62578, "thread_id": 140704568208320, "extra": {"taskName": null}}
{"timestamp": "2025-08-11T17:36:19.992170Z", "level": "INFO", "logger": "gst_api", "message": "GST Verification API initialized successfully", "module": "app", "function": "create_app_instance", "line": 1037, "process_id": 62578, "thread_id": 140704568208320, "extra": {"taskName": null}}
{"timestamp": "2025-08-11T17:36:19.992283Z", "level": "INFO", "logger": "gst_api", "message": "Starting GST Verification API on port 5001 (debug=False)", "module": "app", "function": "<module>", "line": 1055, "process_id": 62578, "thread_id": 140704568208320, "extra": {"taskName": null}}
{"timestamp": "2025-08-11T17:36:30.028259Z", "level": "INFO", "logger": "gst_api", "message": "Received signal 2, shutting down gracefully...", "module": "app", "function": "signal_handler", "line": 997, "process_id": 62578, "thread_id": 140704568208320, "extra": {"taskName": null}}
{"timestamp": "2025-08-11T17:36:30.028494Z", "level": "INFO", "logger": "gst_api", "message": "Graceful shutdown completed", "module": "app", "function": "signal_handler", "line": 1017, "process_id": 62578, "thread_id": 140704568208320, "extra": {"taskName": null}}
{"timestamp": "2025-08-11T17:36:46.834729Z", "level": "INFO", "logger": "gst_api", "message": "GST Verification API initialized in unknown mode", "module": "app", "function": "create_app", "line": 124, "process_id": 63123, "thread_id": 140704568208320, "extra": {"taskName": null}}
{"timestamp": "2025-08-11T17:36:46.835630Z", "level": "INFO", "logger": "gst_api", "message": "Session cleanup thread started", "module": "app", "function": "cleanup_expired_sessions", "line": 988, "process_id": 63123, "thread_id": 140704568208320, "extra": {"taskName": null}}
{"timestamp": "2025-08-11T17:36:46.835787Z", "level": "INFO", "logger": "gst_api", "message": "GST Verification API initialized successfully", "module": "app", "function": "create_app_instance", "line": 1037, "process_id": 63123, "thread_id": 140704568208320, "extra": {"taskName": null}}
{"timestamp": "2025-08-11T17:36:46.835896Z", "level": "INFO", "logger": "gst_api", "message": "Starting GST Verification API on port 5001 (debug=False)", "module": "app", "function": "<module>", "line": 1055, "process_id": 63123, "thread_id": 140704568208320, "extra": {"taskName": null}}
{"timestamp": "2025-08-11T17:36:58.213168Z", "level": "DEBUG", "logger": "gst_api.requests", "message": "Request started: GET /health", "module": "logging_config", "function": "before_request", "line": 531, "process_id": 63123, "thread_id": 123145369563136, "extra": {"taskName": null, "method": "GET", "path": "/health", "remote_addr": "127.0.0.1", "user_agent": "Mozilla/5.0 (Macintosh; Intel Mac OS X 10_15_7) AppleWebKit/537.36 (KHTML, like Gecko) Chrome/138.0.0.0 Safari/537.36", "request_id": null}}
{"timestamp": "2025-08-11T17:36:58.214147Z", "level": "INFO", "logger": "gst_api", "message": "Request started: GET /health", "module": "app", "function": "before_request", "line": 138, "process_id": 63123, "thread_id": 123145369563136, "extra": {"taskName": null, "request_id": "11756c14-bdae-4fa4-8f5f-58e2e9f084c9", "method": "GET", "path": "/health", "remote_addr": "127.0.0.1", "user_agent": "Mozilla/5.0 (Macintosh; Intel Mac OS X 10_15_7) AppleWebKit/537.36 (KHTML, like Gecko) Chrome/138.0.0.0 Safari/537.36"}}
{"timestamp": "2025-08-11T17:36:58.214679Z", "level": "ERROR", "logger": "gst_api", "message": "Health check failed: 'HealthChecker' object has no attribute 'check_health'", "module": "app", "function": "health_check", "line": 560, "process_id": 63123, "thread_id": 123145369563136, "extra": {"taskName": null}}
{"timestamp": "2025-08-11T17:36:58.215563Z", "level": "INFO", "logger": "gst_api", "message": "Request completed: GET /health - 503 - 0.001s", "module": "app", "function": "after_request", "line": 160, "process_id": 63123, "thread_id": 123145369563136, "extra": {"taskName": null, "request_id": "11756c14-bdae-4fa4-8f5f-58e2e9f084c9", "method": "GET", "path": "/health", "status_code": 503, "duration": 0.0013930797576904297, "response_size": 129}}
{"timestamp": "2025-08-11T17:36:58.215726Z", "level": "INFO", "logger": "gst_api.performance", "message": "Performance: GET /health took 0.001s", "module": "logging_config", "function": "log_performance", "line": 445, "process_id": 63123, "thread_id": 123145369563136, "extra": {"taskName": null, "operation": "GET /health", "duration": 0.0013930797576904297, "performance_metric": true, "status_code": 503, "request_id": "11756c14-bdae-4fa4-8f5f-58e2e9f084c9"}}
{"timestamp": "2025-08-11T17:36:58.216389Z", "level": "INFO", "logger": "gst_api.access", "message": "GET /health - 503 - 0.002s - IP: 127.0.0.1", "module": "logging_config", "function": "log_request", "line": 430, "process_id": 63123, "thread_id": 123145369563136, "extra": {"taskName": null, "method": "GET", "path": "/health", "status_code": 503, "duration": 0.0022449493408203125, "user_id": null, "ip_address": "127.0.0.1", "request_type": "http_request"}}
{"timestamp": "2025-08-11T17:37:02.122805Z", "level": "DEBUG", "logger": "gst_api.requests", "message": "Request started: GET /", "module": "logging_config", "function": "before_request", "line": 531, "process_id": 63123, "thread_id": 123145369563136, "extra": {"taskName": null, "method": "GET", "path": "/", "remote_addr": "127.0.0.1", "user_agent": "Mozilla/5.0 (Macintosh; Intel Mac OS X 10_15_7) AppleWebKit/537.36 (KHTML, like Gecko) Chrome/138.0.0.0 Safari/537.36", "request_id": null}}
{"timestamp": "2025-08-11T17:37:02.123557Z", "level": "INFO", "logger": "gst_api", "message": "Request started: GET /", "module": "app", "function": "before_request", "line": 138, "process_id": 63123, "thread_id": 123145369563136, "extra": {"taskName": null, "request_id": "25145254-645b-49ca-9aa0-b1fe569c0988", "method": "GET", "path": "/", "remote_addr": "127.0.0.1", "user_agent": "Mozilla/5.0 (Macintosh; Intel Mac OS X 10_15_7) AppleWebKit/537.36 (KHTML, like Gecko) Chrome/138.0.0.0 Safari/537.36"}}
{"timestamp": "2025-08-11T17:37:02.123808Z", "level": "INFO", "logger": "gst_api", "message": "Request completed: GET / - 200 - 0.000s", "module": "app", "function": "after_request", "line": 160, "process_id": 63123, "thread_id": 123145369563136, "extra": {"taskName": null, "request_id": "25145254-645b-49ca-9aa0-b1fe569c0988", "method": "GET", "path": "/", "status_code": 200, "duration": 0.00025010108947753906, "response_size": 500}}
{"timestamp": "2025-08-11T17:37:02.123946Z", "level": "INFO", "logger": "gst_api.performance", "message": "Performance: GET / took 0.000s", "module": "logging_config", "function": "log_performance", "line": 445, "process_id": 63123, "thread_id": 123145369563136, "extra": {"taskName": null, "operation": "GET /", "duration": 0.00025010108947753906, "performance_metric": true, "status_code": 200, "request_id": "25145254-645b-49ca-9aa0-b1fe569c0988"}}
{"timestamp": "2025-08-11T17:37:02.124214Z", "level": "INFO", "logger": "gst_api.access", "message": "GET / - 200 - 0.001s - IP: 127.0.0.1", "module": "logging_config", "function": "log_request", "line": 430, "process_id": 63123, "thread_id": 123145369563136, "extra": {"taskName": null, "method": "GET", "path": "/", "status_code": 200, "duration": 0.0006611347198486328, "user_id": null, "ip_address": "127.0.0.1", "request_type": "http_request"}}
{"timestamp": "2025-08-11T17:37:10.204381Z", "level": "DEBUG", "logger": "gst_api.requests", "message": "Request started: GET /captcha", "module": "logging_config", "function": "before_request", "line": 531, "process_id": 63123, "thread_id": 123145369563136, "extra": {"taskName": null, "method": "GET", "path": "/captcha", "remote_addr": "127.0.0.1", "user_agent": "Mozilla/5.0 (Macintosh; Intel Mac OS X 10_15_7) AppleWebKit/537.36 (KHTML, like Gecko) Chrome/138.0.0.0 Safari/537.36", "request_id": null}}
{"timestamp": "2025-08-11T17:37:10.204851Z", "level": "INFO", "logger": "gst_api", "message": "Request started: GET /captcha", "module": "app", "function": "before_request", "line": 138, "process_id": 63123, "thread_id": 123145369563136, "extra": {"taskName": null, "request_id": "621e9720-d594-42ef-9e8f-f17bc15d02d0", "method": "GET", "path": "/captcha", "remote_addr": "127.0.0.1", "user_agent": "Mozilla/5.0 (Macintosh; Intel Mac OS X 10_15_7) AppleWebKit/537.36 (KHTML, like Gecko) Chrome/138.0.0.0 Safari/537.36"}}
{"timestamp": "2025-08-11T17:37:10.205842Z", "level": "INFO", "logger": "gst_api", "message": "New session created: 251ec771-a64b-4aff-807f-e6db4847f72a", "module": "app", "function": "create_session", "line": 392, "process_id": 63123, "thread_id": 123145369563136, "extra": {"taskName": null}}
{"timestamp": "2025-08-11T17:37:10.457719Z", "level": "INFO", "logger": "gst_api", "message": "Captcha retrieved successfully for session: 251ec771-a64b-4aff-807f-e6db4847f72a", "module": "app", "function": "get_captcha", "line": 631, "process_id": 63123, "thread_id": 123145369563136, "extra": {"taskName": null}}
{"timestamp": "2025-08-11T17:37:10.457969Z", "level": "INFO", "logger": "gst_api.audit", "message": "Audit: captcha_retrieved by user {session_id=[REDACTED], 'captcha_size': 4874, 'content_type': 'image/png'} - success", "module": "logging_config", "function": "log_audit", "line": 469, "process_id": 63123, "thread_id": 123145369563136, "extra": {"taskName": null, "action": "captcha_retrieved", "user_id": {"session_id": "251ec771-a64b-4aff-807f-e6db4847f72a", "captcha_size": 4874, "content_type": "image/png"}, "resource": null, "result": "success", "audit": true}}
{"timestamp": "2025-08-11T17:37:10.459131Z", "level": "INFO", "logger": "gst_api", "message": "Request completed: GET /captcha - 200 - 0.254s", "module": "app", "function": "after_request", "line": 160, "process_id": 63123, "thread_id": 123145369563136, "extra": {"taskName": null, "request_id": "621e9720-d594-42ef-9e8f-f17bc15d02d0", "method": "GET", "path": "/captcha", "status_code": 200, "duration": 0.25427985191345215, "response_size": 6655}}
{"timestamp": "2025-08-11T17:37:10.459276Z", "level": "INFO", "logger": "gst_api.performance", "message": "Performance: GET /captcha took 0.254s", "module": "logging_config", "function": "log_performance", "line": 445, "process_id": 63123, "thread_id": 123145369563136, "extra": {"taskName": null, "operation": "GET /captcha", "duration": 0.25427985191345215, "performance_metric": true, "status_code": 200, "request_id": "621e9720-d594-42ef-9e8f-f17bc15d02d0"}}
{"timestamp": "2025-08-11T17:37:10.459774Z", "level": "INFO", "logger": "gst_api.access", "message": "GET /captcha - 200 - 0.255s - IP: 127.0.0.1", "module": "logging_config", "function": "log_request", "line": 430, "process_id": 63123, "thread_id": 123145369563136, "extra": {"taskName": null, "method": "GET", "path": "/captcha", "status_code": 200, "duration": 0.2549288272857666, "user_id": null, "ip_address": "127.0.0.1", "request_type": "http_request"}}
{"timestamp": "2025-08-11T17:37:36.044264Z", "level": "DEBUG", "logger": "gst_api.requests", "message": "Request started: GET /gst-details", "module": "logging_config", "function": "before_request", "line": 531, "process_id": 63123, "thread_id": 123145369563136, "extra": {"taskName": null, "method": "GET", "path": "/gst-details", "remote_addr": "127.0.0.1", "user_agent": "Mozilla/5.0 (Macintosh; Intel Mac OS X 10_15_7) AppleWebKit/537.36 (KHTML, like Gecko) Chrome/138.0.0.0 Safari/537.36", "request_id": null}}
{"timestamp": "2025-08-11T17:37:36.044933Z", "level": "INFO", "logger": "gst_api", "message": "Request started: GET /gst-details", "module": "app", "function": "before_request", "line": 138, "process_id": 63123, "thread_id": 123145369563136, "extra": {"taskName": null, "request_id": "c1162c61-1ece-420e-a99b-d87fc837e22c", "method": "GET", "path": "/gst-details", "remote_addr": "127.0.0.1", "user_agent": "Mozilla/5.0 (Macintosh; Intel Mac OS X 10_15_7) AppleWebKit/537.36 (KHTML, like Gecko) Chrome/138.0.0.0 Safari/537.36"}}
{"timestamp": "2025-08-11T17:37:36.045316Z", "level": "WARNING", "logger": "gst_api", "message": "Method not allowed: GET /gst-details", "module": "app", "function": "method_not_allowed", "line": 222, "process_id": 63123, "thread_id": 123145369563136, "extra": {"taskName": null, "request_id": "c1162c61-1ece-420e-a99b-d87fc837e22c"}}
{"timestamp": "2025-08-11T17:37:36.045758Z", "level": "INFO", "logger": "gst_api", "message": "Request completed: GET /gst-details - 405 - 0.001s", "module": "app", "function": "after_request", "line": 160, "process_id": 63123, "thread_id": 123145369563136, "extra": {"taskName": null, "request_id": "c1162c61-1ece-420e-a99b-d87fc837e22c", "method": "GET", "path": "/gst-details", "status_code": 405, "duration": 0.0008320808410644531, "response_size": 193}}
{"timestamp": "2025-08-11T17:37:36.045974Z", "level": "INFO", "logger": "gst_api.performance", "message": "Performance: GET /gst-details took 0.001s", "module": "logging_config", "function": "log_performance", "line": 445, "process_id": 63123, "thread_id": 123145369563136, "extra": {"taskName": null, "operation": "GET /gst-details", "duration": 0.0008320808410644531, "performance_metric": true, "status_code": 405, "request_id": "c1162c61-1ece-420e-a99b-d87fc837e22c"}}
{"timestamp": "2025-08-11T17:37:36.046507Z", "level": "INFO", "logger": "gst_api.access", "message": "GET /gst-details - 405 - 0.002s - IP: 127.0.0.1", "module": "logging_config", "function": "log_request", "line": 430, "process_id": 63123, "thread_id": 123145369563136, "extra": {"taskName": null, "method": "GET", "path": "/gst-details", "status_code": 405, "duration": 0.0015900135040283203, "user_id": null, "ip_address": "127.0.0.1", "request_type": "http_request"}}
{"timestamp": "2025-08-11T17:37:49.575729Z", "level": "DEBUG", "logger": "gst_api.requests", "message": "Request started: GET /validate-gstin", "module": "logging_config", "function": "before_request", "line": 531, "process_id": 63123, "thread_id": 123145386889216, "extra": {"taskName": null, "method": "GET", "path": "/validate-gstin", "remote_addr": "127.0.0.1", "user_agent": "Mozilla/5.0 (Macintosh; Intel Mac OS X 10_15_7) AppleWebKit/537.36 (KHTML, like Gecko) Chrome/138.0.0.0 Safari/537.36", "request_id": null}}
{"timestamp": "2025-08-11T17:37:49.576095Z", "level": "INFO", "logger": "gst_api", "message": "Request started: GET /validate-gstin", "module": "app", "function": "before_request", "line": 138, "process_id": 63123, "thread_id": 123145386889216, "extra": {"taskName": null, "request_id": "64f1a525-3573-4cde-b19b-07c2beb60ea6", "method": "GET", "path": "/validate-gstin", "remote_addr": "127.0.0.1", "user_agent": "Mozilla/5.0 (Macintosh; Intel Mac OS X 10_15_7) AppleWebKit/537.36 (KHTML, like Gecko) Chrome/138.0.0.0 Safari/537.36"}}
{"timestamp": "2025-08-11T17:37:49.576273Z", "level": "WARNING", "logger": "gst_api", "message": "Method not allowed: GET /validate-gstin", "module": "app", "function": "method_not_allowed", "line": 222, "process_id": 63123, "thread_id": 123145386889216, "extra": {"taskName": null, "request_id": "64f1a525-3573-4cde-b19b-07c2beb60ea6"}}
{"timestamp": "2025-08-11T17:37:49.576618Z", "level": "INFO", "logger": "gst_api", "message": "Request completed: GET /validate-gstin - 405 - 0.001s", "module": "app", "function": "after_request", "line": 160, "process_id": 63123, "thread_id": 123145386889216, "extra": {"taskName": null, "request_id": "64f1a525-3573-4cde-b19b-07c2beb60ea6", "method": "GET", "path": "/validate-gstin", "status_code": 405, "duration": 0.0005230903625488281, "response_size": 193}}
{"timestamp": "2025-08-11T17:37:49.576832Z", "level": "INFO", "logger": "gst_api.performance", "message": "Performance: GET /validate-gstin took 0.001s", "module": "logging_config", "function": "log_performance", "line": 445, "process_id": 63123, "thread_id": 123145386889216, "extra": {"taskName": null, "operation": "GET /validate-gstin", "duration": 0.0005230903625488281, "performance_metric": true, "status_code": 405, "request_id": "64f1a525-3573-4cde-b19b-07c2beb60ea6"}}
{"timestamp": "2025-08-11T17:37:49.577141Z", "level": "INFO", "logger": "gst_api.access", "message": "GET /validate-gstin - 405 - 0.001s - IP: 127.0.0.1", "module": "logging_config", "function": "log_request", "line": 430, "process_id": 63123, "thread_id": 123145386889216, "extra": {"taskName": null, "method": "GET", "path": "/validate-gstin", "status_code": 405, "duration": 0.0010488033294677734, "user_id": null, "ip_address": "127.0.0.1", "request_type": "http_request"}}
{"timestamp": "2025-08-11T17:39:19.076594Z", "level": "DEBUG", "logger": "gst_api.requests", "message": "Request started: GET /captcha - Get captcha image", "module": "logging_config", "function": "before_request", "line": 531, "process_id": 63123, "thread_id": 123145403678720, "extra": {"taskName": null, "method": "GET", "path": "/captcha - Get captcha image", "remote_addr": "127.0.0.1", "user_agent": "Mozilla/5.0 (Macintosh; Intel Mac OS X 10_15_7) AppleWebKit/537.36 (KHTML, like Gecko) Chrome/138.0.0.0 Safari/537.36", "request_id": null}}
{"timestamp": "2025-08-11T17:39:19.083488Z", "level": "INFO", "logger": "gst_api", "message": "Request started: GET /captcha - Get captcha image", "module": "app", "function": "before_request", "line": 138, "process_id": 63123, "thread_id": 123145403678720, "extra": {"taskName": null, "request_id": "1bcc911c-d9e7-4b1e-af7e-f9036e9a4b76", "method": "GET", "path": "/captcha - Get captcha image", "remote_addr": "127.0.0.1", "user_agent": "Mozilla/5.0 (Macintosh; Intel Mac OS X 10_15_7) AppleWebKit/537.36 (KHTML, like Gecko) Chrome/138.0.0.0 Safari/537.36"}}
{"timestamp": "2025-08-11T17:39:19.084827Z", "level": "WARNING", "logger": "gst_api", "message": "Not found: /captcha - Get captcha image", "module": "app", "function": "not_found", "line": 210, "process_id": 63123, "thread_id": 123145403678720, "extra": {"taskName": null, "request_id": "1bcc911c-d9e7-4b1e-af7e-f9036e9a4b76"}}
{"timestamp": "2025-08-11T17:39:19.088716Z", "level": "INFO", "logger": "gst_api", "message": "Request completed: GET /captcha - Get captcha image - 404 - 0.005s", "module": "app", "function": "after_request", "line": 160, "process_id": 63123, "thread_id": 123145403678720, "extra": {"taskName": null, "request_id": "1bcc911c-d9e7-4b1e-af7e-f9036e9a4b76", "method": "GET", "path": "/captcha - Get captcha image", "status_code": 404, "duration": 0.005134105682373047, "response_size": 164}}
{"timestamp": "2025-08-11T17:39:19.089401Z", "level": "INFO", "logger": "gst_api.performance", "message": "Performance: GET /captcha - Get captcha image took 0.005s", "module": "logging_config", "function": "log_performance", "line": 445, "process_id": 63123, "thread_id": 123145403678720, "extra": {"taskName": null, "operation": "GET /captcha - Get captcha image", "duration": 0.005134105682373047, "performance_metric": true, "status_code": 404, "request_id": "1bcc911c-d9e7-4b1e-af7e-f9036e9a4b76"}}
{"timestamp": "2025-08-11T17:39:19.090934Z", "level": "INFO", "logger": "gst_api.access", "message": "GET /captcha - Get captcha image - 404 - 0.007s - IP: 127.0.0.1", "module": "logging_config", "function": "log_request", "line": 430, "process_id": 63123, "thread_id": 123145403678720, "extra": {"taskName": null, "method": "GET", "path": "/captcha - Get captcha image", "status_code": 404, "duration": 0.007492780685424805, "user_id": null, "ip_address": "127.0.0.1", "request_type": "http_request"}}
{"timestamp": "2025-08-11T17:39:23.938218Z", "level": "DEBUG", "logger": "gst_api.requests", "message": "Request started: GET /captcha", "module": "logging_config", "function": "before_request", "line": 531, "process_id": 63123, "thread_id": 123145420468224, "extra": {"taskName": null, "method": "GET", "path": "/captcha", "remote_addr": "127.0.0.1", "user_agent": "Mozilla/5.0 (Macintosh; Intel Mac OS X 10_15_7) AppleWebKit/537.36 (KHTML, like Gecko) Chrome/138.0.0.0 Safari/537.36", "request_id": null}}
{"timestamp": "2025-08-11T17:39:23.939068Z", "level": "INFO", "logger": "gst_api", "message": "Request started: GET /captcha", "module": "app", "function": "before_request", "line": 138, "process_id": 63123, "thread_id": 123145420468224, "extra": {"taskName": null, "request_id": "d65e2e7d-c17b-4342-9499-669268bd719e", "method": "GET", "path": "/captcha", "remote_addr": "127.0.0.1", "user_agent": "Mozilla/5.0 (Macintosh; Intel Mac OS X 10_15_7) AppleWebKit/537.36 (KHTML, like Gecko) Chrome/138.0.0.0 Safari/537.36"}}
{"timestamp": "2025-08-11T17:39:23.941570Z", "level": "INFO", "logger": "gst_api", "message": "New session created: d3c1684b-7586-4728-adf3-4c1da7ae62f0", "module": "app", "function": "create_session", "line": 392, "process_id": 63123, "thread_id": 123145420468224, "extra": {"taskName": null}}
{"timestamp": "2025-08-11T17:39:24.229238Z", "level": "INFO", "logger": "gst_api", "message": "Captcha retrieved successfully for session: d3c1684b-7586-4728-adf3-4c1da7ae62f0", "module": "app", "function": "get_captcha", "line": 631, "process_id": 63123, "thread_id": 123145420468224, "extra": {"taskName": null}}
{"timestamp": "2025-08-11T17:39:24.229449Z", "level": "INFO", "logger": "gst_api.audit", "message": "Audit: captcha_retrieved by user {session_id=[REDACTED], 'captcha_size': 4679, 'content_type': 'image/png'} - success", "module": "logging_config", "function": "log_audit", "line": 469, "process_id": 63123, "thread_id": 123145420468224, "extra": {"taskName": null, "action": "captcha_retrieved", "user_id": {"session_id": "d3c1684b-7586-4728-adf3-4c1da7ae62f0", "captcha_size": 4679, "content_type": "image/png"}, "resource": null, "result": "success", "audit": true}}
{"timestamp": "2025-08-11T17:39:24.230720Z", "level": "INFO", "logger": "gst_api", "message": "Request completed: GET /captcha - 200 - 0.292s", "module": "app", "function": "after_request", "line": 160, "process_id": 63123, "thread_id": 123145420468224, "extra": {"taskName": null, "request_id": "d65e2e7d-c17b-4342-9499-669268bd719e", "method": "GET", "path": "/captcha", "status_code": 200, "duration": 0.2916688919067383, "response_size": 6395}}
{"timestamp": "2025-08-11T17:39:24.230858Z", "level": "INFO", "logger": "gst_api.performance", "message": "Performance: GET /captcha took 0.292s", "module": "logging_config", "function": "log_performance", "line": 445, "process_id": 63123, "thread_id": 123145420468224, "extra": {"taskName": null, "operation": "GET /captcha", "duration": 0.2916688919067383, "performance_metric": true, "status_code": 200, "request_id": "d65e2e7d-c17b-4342-9499-669268bd719e"}}
{"timestamp": "2025-08-11T17:39:24.231158Z", "level": "INFO", "logger": "gst_api.access", "message": "GET /captcha - 200 - 0.292s - IP: 127.0.0.1", "module": "logging_config", "function": "log_request", "line": 430, "process_id": 63123, "thread_id": 123145420468224, "extra": {"taskName": null, "method": "GET", "path": "/captcha", "status_code": 200, "duration": 0.2921128273010254, "user_id": null, "ip_address": "127.0.0.1", "request_type": "http_request"}}
{"timestamp": "2025-08-11T17:42:14.906421Z", "level": "DEBUG", "logger": "gst_api.requests", "message": "Request started: POST /gst-details", "module": "logging_config", "function": "before_request", "line": 531, "process_id": 63123, "thread_id": 123145420468224, "extra": {"taskName": null, "method": "POST", "path": "/gst-details", "remote_addr": "127.0.0.1", "user_agent": "axios/1.7.2", "request_id": null}}
{"timestamp": "2025-08-11T17:42:14.909096Z", "level": "INFO", "logger": "gst_api", "message": "Request started: POST /gst-details", "module": "app", "function": "before_request", "line": 138, "process_id": 63123, "thread_id": 123145420468224, "extra": {"taskName": null, "request_id": "f401d2b1-e499-4ffe-b99d-75055ee7e8d8", "method": "POST", "path": "/gst-details", "remote_addr": "127.0.0.1", "user_agent": "axios/1.7.2"}}
{"timestamp": "2025-08-11T17:42:15.198014Z", "level": "ERROR", "logger": "gst_api", "message": "Invalid JSON response from GST portal: Expecting value: line 1 column 1 (char 0)", "module": "app", "function": "get_gst_details", "line": 779, "process_id": 63123, "thread_id": 123145420468224, "extra": {"taskName": null}}
{"timestamp": "2025-08-11T17:42:15.200821Z", "level": "INFO", "logger": "gst_api", "message": "Request completed: POST /gst-details - 502 - 0.292s", "module": "app", "function": "after_request", "line": 160, "process_id": 63123, "thread_id": 123145420468224, "extra": {"taskName": null, "request_id": "f401d2b1-e499-4ffe-b99d-75055ee7e8d8", "method": "POST", "path": "/gst-details", "status_code": 502, "duration": 0.29172182083129883, "response_size": 88}}
{"timestamp": "2025-08-11T17:42:15.201064Z", "level": "INFO", "logger": "gst_api.performance", "message": "Performance: POST /gst-details took 0.292s", "module": "logging_config", "function": "log_performance", "line": 445, "process_id": 63123, "thread_id": 123145420468224, "extra": {"taskName": null, "operation": "POST /gst-details", "duration": 0.29172182083129883, "performance_metric": true, "status_code": 502, "request_id": "f401d2b1-e499-4ffe-b99d-75055ee7e8d8"}}
{"timestamp": "2025-08-11T17:42:15.202318Z", "level": "INFO", "logger": "gst_api.access", "message": "POST /gst-details - 502 - 0.293s - IP: 127.0.0.1", "module": "logging_config", "function": "log_request", "line": 430, "process_id": 63123, "thread_id": 123145420468224, "extra": {"taskName": null, "method": "POST", "path": "/gst-details", "status_code": 502, "duration": 0.29325413703918457, "user_id": null, "ip_address": "127.0.0.1", "request_type": "http_request"}}
{"timestamp": "2025-08-11T17:42:54.494474Z", "level": "DEBUG", "logger": "gst_api.requests", "message": "Request started: POST /gst-details", "module": "logging_config", "function": "before_request", "line": 531, "process_id": 63123, "thread_id": 123145420468224, "extra": {"taskName": null, "method": "POST", "path": "/gst-details", "remote_addr": "127.0.0.1", "user_agent": "axios/1.7.2", "request_id": null}}
{"timestamp": "2025-08-11T17:42:54.495702Z", "level": "INFO", "logger": "gst_api", "message": "Request started: POST /gst-details", "module": "app", "function": "before_request", "line": 138, "process_id": 63123, "thread_id": 123145420468224, "extra": {"taskName": null, "request_id": "10526594-94ef-45d1-beb9-d3a13b1c4fb2", "method": "POST", "path": "/gst-details", "remote_addr": "127.0.0.1", "user_agent": "axios/1.7.2"}}
{"timestamp": "2025-08-11T17:42:54.758950Z", "level": "ERROR", "logger": "gst_api", "message": "Invalid JSON response from GST portal: Expecting value: line 1 column 1 (char 0)", "module": "app", "function": "get_gst_details", "line": 779, "process_id": 63123, "thread_id": 123145420468224, "extra": {"taskName": null}}
{"timestamp": "2025-08-11T17:42:54.762312Z", "level": "INFO", "logger": "gst_api", "message": "Request completed: POST /gst-details - 502 - 0.267s", "module": "app", "function": "after_request", "line": 160, "process_id": 63123, "thread_id": 123145420468224, "extra": {"taskName": null, "request_id": "10526594-94ef-45d1-beb9-d3a13b1c4fb2", "method": "POST", "path": "/gst-details", "status_code": 502, "duration": 0.26659703254699707, "response_size": 88}}
{"timestamp": "2025-08-11T17:42:54.762588Z", "level": "INFO", "logger": "gst_api.performance", "message": "Performance: POST /gst-details took 0.267s", "module": "logging_config", "function": "log_performance", "line": 445, "process_id": 63123, "thread_id": 123145420468224, "extra": {"taskName": null, "operation": "POST /gst-details", "duration": 0.26659703254699707, "performance_metric": true, "status_code": 502, "request_id": "10526594-94ef-45d1-beb9-d3a13b1c4fb2"}}
{"timestamp": "2025-08-11T17:42:54.763273Z", "level": "INFO", "logger": "gst_api.access", "message": "POST /gst-details - 502 - 0.268s - IP: 127.0.0.1", "module": "logging_config", "function": "log_request", "line": 430, "process_id": 63123, "thread_id": 123145420468224, "extra": {"taskName": null, "method": "POST", "path": "/gst-details", "status_code": 502, "duration": 0.2675769329071045, "user_id": null, "ip_address": "127.0.0.1", "request_type": "http_request"}}
{"timestamp": "2025-08-11T17:43:01.341740Z", "level": "DEBUG", "logger": "gst_api.requests", "message": "Request started: GET /captcha", "module": "logging_config", "function": "before_request", "line": 531, "process_id": 63123, "thread_id": 123145420468224, "extra": {"taskName": null, "method": "GET", "path": "/captcha", "remote_addr": "127.0.0.1", "user_agent": "Mozilla/5.0 (Macintosh; Intel Mac OS X 10_15_7) AppleWebKit/537.36 (KHTML, like Gecko) Chrome/138.0.0.0 Safari/537.36", "request_id": null}}
{"timestamp": "2025-08-11T17:43:01.343105Z", "level": "INFO", "logger": "gst_api", "message": "Request started: GET /captcha", "module": "app", "function": "before_request", "line": 138, "process_id": 63123, "thread_id": 123145420468224, "extra": {"taskName": null, "request_id": "47d53205-2ced-4561-a92c-afb4b1f16765", "method": "GET", "path": "/captcha", "remote_addr": "127.0.0.1", "user_agent": "Mozilla/5.0 (Macintosh; Intel Mac OS X 10_15_7) AppleWebKit/537.36 (KHTML, like Gecko) Chrome/138.0.0.0 Safari/537.36"}}
{"timestamp": "2025-08-11T17:43:01.345573Z", "level": "INFO", "logger": "gst_api", "message": "New session created: 11e50124-f7d4-4a84-bb92-2c9de430e652", "module": "app", "function": "create_session", "line": 392, "process_id": 63123, "thread_id": 123145420468224, "extra": {"taskName": null}}
{"timestamp": "2025-08-11T17:43:01.614236Z", "level": "INFO", "logger": "gst_api", "message": "Captcha retrieved successfully for session: 11e50124-f7d4-4a84-bb92-2c9de430e652", "module": "app", "function": "get_captcha", "line": 631, "process_id": 63123, "thread_id": 123145420468224, "extra": {"taskName": null}}
{"timestamp": "2025-08-11T17:43:01.614501Z", "level": "INFO", "logger": "gst_api.audit", "message": "Audit: captcha_retrieved by user {session_id=[REDACTED], 'captcha_size': 4950, 'content_type': 'image/png'} - success", "module": "logging_config", "function": "log_audit", "line": 469, "process_id": 63123, "thread_id": 123145420468224, "extra": {"taskName": null, "action": "captcha_retrieved", "user_id": {"session_id": "11e50124-f7d4-4a84-bb92-2c9de430e652", "captcha_size": 4950, "content_type": "image/png"}, "resource": null, "result": "success", "audit": true}}
{"timestamp": "2025-08-11T17:43:01.616361Z", "level": "INFO", "logger": "gst_api", "message": "Request completed: GET /captcha - 200 - 0.273s", "module": "app", "function": "after_request", "line": 160, "process_id": 63123, "thread_id": 123145420468224, "extra": {"taskName": null, "request_id": "47d53205-2ced-4561-a92c-afb4b1f16765", "method": "GET", "path": "/captcha", "status_code": 200, "duration": 0.2732539176940918, "response_size": 6755}}
{"timestamp": "2025-08-11T17:43:01.616586Z", "level": "INFO", "logger": "gst_api.performance", "message": "Performance: GET /captcha took 0.273s", "module": "logging_config", "function": "log_performance", "line": 445, "process_id": 63123, "thread_id": 123145420468224, "extra": {"taskName": null, "operation": "GET /captcha", "duration": 0.2732539176940918, "performance_metric": true, "status_code": 200, "request_id": "47d53205-2ced-4561-a92c-afb4b1f16765"}}
{"timestamp": "2025-08-11T17:43:01.617362Z", "level": "INFO", "logger": "gst_api.access", "message": "GET /captcha - 200 - 0.274s - IP: 127.0.0.1", "module": "logging_config", "function": "log_request", "line": 430, "process_id": 63123, "thread_id": 123145420468224, "extra": {"taskName": null, "method": "GET", "path": "/captcha", "status_code": 200, "duration": 0.27426791191101074, "user_id": null, "ip_address": "127.0.0.1", "request_type": "http_request"}}
{"timestamp": "2025-08-11T17:43:29.729635Z", "level": "DEBUG", "logger": "gst_api.requests", "message": "Request started: POST /gst-details", "module": "logging_config", "function": "before_request", "line": 531, "process_id": 63123, "thread_id": 123145420468224, "extra": {"taskName": null, "method": "POST", "path": "/gst-details", "remote_addr": "127.0.0.1", "user_agent": "axios/1.7.2", "request_id": null}}
{"timestamp": "2025-08-11T17:43:29.730035Z", "level": "INFO", "logger": "gst_api", "message": "Request started: POST /gst-details", "module": "app", "function": "before_request", "line": 138, "process_id": 63123, "thread_id": 123145420468224, "extra": {"taskName": null, "request_id": "e62fdf59-1391-41fe-ab09-04675179234e", "method": "POST", "path": "/gst-details", "remote_addr": "127.0.0.1", "user_agent": "axios/1.7.2"}}
{"timestamp": "2025-08-11T17:43:29.788462Z", "level": "ERROR", "logger": "gst_api", "message": "Invalid JSON response from GST portal: Expecting value: line 1 column 1 (char 0)", "module": "app", "function": "get_gst_details", "line": 779, "process_id": 63123, "thread_id": 123145420468224, "extra": {"taskName": null}}
{"timestamp": "2025-08-11T17:43:29.791789Z", "level": "INFO", "logger": "gst_api", "message": "Request completed: POST /gst-details - 502 - 0.062s", "module": "app", "function": "after_request", "line": 160, "process_id": 63123, "thread_id": 123145420468224, "extra": {"taskName": null, "request_id": "e62fdf59-1391-41fe-ab09-04675179234e", "method": "POST", "path": "/gst-details", "status_code": 502, "duration": 0.06169605255126953, "response_size": 88}}
{"timestamp": "2025-08-11T17:43:29.792124Z", "level": "INFO", "logger": "gst_api.performance", "message": "Performance: POST /gst-details took 0.062s", "module": "logging_config", "function": "log_performance", "line": 445, "process_id": 63123, "thread_id": 123145420468224, "extra": {"taskName": null, "operation": "POST /gst-details", "duration": 0.06169605255126953, "performance_metric": true, "status_code": 502, "request_id": "e62fdf59-1391-41fe-ab09-04675179234e"}}
{"timestamp": "2025-08-11T17:43:29.792878Z", "level": "INFO", "logger": "gst_api.access", "message": "POST /gst-details - 502 - 0.063s - IP: 127.0.0.1", "module": "logging_config", "function": "log_request", "line": 430, "process_id": 63123, "thread_id": 123145420468224, "extra": {"taskName": null, "method": "POST", "path": "/gst-details", "status_code": 502, "duration": 0.06284284591674805, "user_id": null, "ip_address": "127.0.0.1", "request_type": "http_request"}}
{"timestamp": "2025-08-11T17:44:29.718744Z", "level": "DEBUG", "logger": "gst_api.requests", "message": "Request started: POST /gst-details", "module": "logging_config", "function": "before_request", "line": 531, "process_id": 63123, "thread_id": 123145420468224, "extra": {"taskName": null, "method": "POST", "path": "/gst-details", "remote_addr": "127.0.0.1", "user_agent": "axios/1.7.2", "request_id": null}}
{"timestamp": "2025-08-11T17:44:29.719068Z", "level": "INFO", "logger": "gst_api", "message": "Request started: POST /gst-details", "module": "app", "function": "before_request", "line": 138, "process_id": 63123, "thread_id": 123145420468224, "extra": {"taskName": null, "request_id": "a60c9bc0-a586-479a-bef9-241f4e822d53", "method": "POST", "path": "/gst-details", "remote_addr": "127.0.0.1", "user_agent": "axios/1.7.2"}}
{"timestamp": "2025-08-11T17:44:29.719664Z", "level": "INFO", "logger": "gst_api", "message": "Request completed: POST /gst-details - 400 - 0.001s", "module": "app", "function": "after_request", "line": 160, "process_id": 63123, "thread_id": 123145420468224, "extra": {"taskName": null, "request_id": "a60c9bc0-a586-479a-bef9-241f4e822d53", "method": "POST", "path": "/gst-details", "status_code": 400, "duration": 0.0005898475646972656, "response_size": 143}}
{"timestamp": "2025-08-11T17:44:29.719907Z", "level": "INFO", "logger": "gst_api.performance", "message": "Performance: POST /gst-details took 0.001s", "module": "logging_config", "function": "log_performance", "line": 445, "process_id": 63123, "thread_id": 123145420468224, "extra": {"taskName": null, "operation": "POST /gst-details", "duration": 0.0005898475646972656, "performance_metric": true, "status_code": 400, "request_id": "a60c9bc0-a586-479a-bef9-241f4e822d53"}}
{"timestamp": "2025-08-11T17:44:29.720593Z", "level": "INFO", "logger": "gst_api.access", "message": "POST /gst-details - 400 - 0.002s - IP: 127.0.0.1", "module": "logging_config", "function": "log_request", "line": 430, "process_id": 63123, "thread_id": 123145420468224, "extra": {"taskName": null, "method": "POST", "path": "/gst-details", "status_code": 400, "duration": 0.001512765884399414, "user_id": null, "ip_address": "127.0.0.1", "request_type": "http_request"}}
{"timestamp": "2025-08-11T17:44:58.050773Z", "level": "DEBUG", "logger": "gst_api.requests", "message": "Request started: POST /gst-details", "module": "logging_config", "function": "before_request", "line": 531, "process_id": 63123, "thread_id": 123145420468224, "extra": {"taskName": null, "method": "POST", "path": "/gst-details", "remote_addr": "127.0.0.1", "user_agent": "axios/1.7.2", "request_id": null}}
{"timestamp": "2025-08-11T17:44:58.053371Z", "level": "INFO", "logger": "gst_api", "message": "Request started: POST /gst-details", "module": "app", "function": "before_request", "line": 138, "process_id": 63123, "thread_id": 123145420468224, "extra": {"taskName": null, "request_id": "de757588-8ba2-4076-85bb-9639d2b2a27c", "method": "POST", "path": "/gst-details", "remote_addr": "127.0.0.1", "user_agent": "axios/1.7.2"}}
{"timestamp": "2025-08-11T17:44:58.326982Z", "level": "ERROR", "logger": "gst_api", "message": "Invalid JSON response from GST portal: Expecting value: line 1 column 1 (char 0)", "module": "app", "function": "get_gst_details", "line": 779, "process_id": 63123, "thread_id": 123145420468224, "extra": {"taskName": null}}
{"timestamp": "2025-08-11T17:44:58.330094Z", "level": "INFO", "logger": "gst_api", "message": "Request completed: POST /gst-details - 502 - 0.277s", "module": "app", "function": "after_request", "line": 160, "process_id": 63123, "thread_id": 123145420468224, "extra": {"taskName": null, "request_id": "de757588-8ba2-4076-85bb-9639d2b2a27c", "method": "POST", "path": "/gst-details", "status_code": 502, "duration": 0.2767312526702881, "response_size": 88}}
{"timestamp": "2025-08-11T17:44:58.330332Z", "level": "INFO", "logger": "gst_api.performance", "message": "Performance: POST /gst-details took 0.277s", "module": "logging_config", "function": "log_performance", "line": 445, "process_id": 63123, "thread_id": 123145420468224, "extra": {"taskName": null, "operation": "POST /gst-details", "duration": 0.2767312526702881, "performance_metric": true, "status_code": 502, "request_id": "de757588-8ba2-4076-85bb-9639d2b2a27c"}}
{"timestamp": "2025-08-11T17:44:58.331530Z", "level": "INFO", "logger": "gst_api.access", "message": "POST /gst-details - 502 - 0.278s - IP: 127.0.0.1", "module": "logging_config", "function": "log_request", "line": 430, "process_id": 63123, "thread_id": 123145420468224, "extra": {"taskName": null, "method": "POST", "path": "/gst-details", "status_code": 502, "duration": 0.2782149314880371, "user_id": null, "ip_address": "127.0.0.1", "request_type": "http_request"}}
{"timestamp": "2025-08-11T17:46:24.923644Z", "level": "DEBUG", "logger": "gst_api.requests", "message": "Request started: POST /gst-details", "module": "logging_config", "function": "before_request", "line": 531, "process_id": 63123, "thread_id": 123145420468224, "extra": {"taskName": null, "method": "POST", "path": "/gst-details", "remote_addr": "127.0.0.1", "user_agent": "axios/1.7.2", "request_id": null}}
{"timestamp": "2025-08-11T17:46:24.926454Z", "level": "INFO", "logger": "gst_api", "message": "Request started: POST /gst-details", "module": "app", "function": "before_request", "line": 138, "process_id": 63123, "thread_id": 123145420468224, "extra": {"taskName": null, "request_id": "fb265873-4c24-4bec-90a4-9278ea8e138f", "method": "POST", "path": "/gst-details", "remote_addr": "127.0.0.1", "user_agent": "axios/1.7.2"}}
{"timestamp": "2025-08-11T17:46:25.219349Z", "level": "ERROR", "logger": "gst_api", "message": "Invalid JSON response from GST portal: Expecting value: line 1 column 1 (char 0)", "module": "app", "function": "get_gst_details", "line": 779, "process_id": 63123, "thread_id": 123145420468224, "extra": {"taskName": null}}
{"timestamp": "2025-08-11T17:46:25.222537Z", "level": "INFO", "logger": "gst_api", "message": "Request completed: POST /gst-details - 502 - 0.296s", "module": "app", "function": "after_request", "line": 160, "process_id": 63123, "thread_id": 123145420468224, "extra": {"taskName": null, "request_id": "fb265873-4c24-4bec-90a4-9278ea8e138f", "method": "POST", "path": "/gst-details", "status_code": 502, "duration": 0.29606127738952637, "response_size": 88}}
{"timestamp": "2025-08-11T17:46:25.222781Z", "level": "INFO", "logger": "gst_api.performance", "message": "Performance: POST /gst-details took 0.296s", "module": "logging_config", "function": "log_performance", "line": 445, "process_id": 63123, "thread_id": 123145420468224, "extra": {"taskName": null, "operation": "POST /gst-details", "duration": 0.29606127738952637, "performance_metric": true, "status_code": 502, "request_id": "fb265873-4c24-4bec-90a4-9278ea8e138f"}}
{"timestamp": "2025-08-11T17:46:25.223796Z", "level": "INFO", "logger": "gst_api.access", "message": "POST /gst-details - 502 - 0.297s - IP: 127.0.0.1", "module": "logging_config", "function": "log_request", "line": 430, "process_id": 63123, "thread_id": 123145420468224, "extra": {"taskName": null, "method": "POST", "path": "/gst-details", "status_code": 502, "duration": 0.29737329483032227, "user_id": null, "ip_address": "127.0.0.1", "request_type": "http_request"}}
{"timestamp": "2025-08-11T17:47:00.483869Z", "level": "INFO", "logger": "gst_api", "message": "Received signal 2, shutting down gracefully...", "module": "app", "function": "signal_handler", "line": 997, "process_id": 63123, "thread_id": 140704568208320, "extra": {"taskName": null}}
{"timestamp": "2025-08-11T17:47:00.492608Z", "level": "INFO", "logger": "gst_api", "message": "Graceful shutdown completed", "module": "app", "function": "signal_handler", "line": 1017, "process_id": 63123, "thread_id": 140704568208320, "extra": {"taskName": null}}
